═══════════════════════════════════════════════════════════════
    LOG DE ALERTAS DE SEGURANÇA - Monitor eBPF
    Iniciado em: 2025-12-14 19:39:40
═══════════════════════════════════════════════════════════════

[2025-12-14 19:40:02.693] [PERIGO] [DEADLOCK_POTENCIAL] DEADLOCK POTENCIAL! Threads vão adquirir recursos em ordem diferente - risco de espera circular | Threads: [Thread-A,Thread-B] | Recursos: [R1,R2]
[2025-12-14 19:40:03.716] [CRITICO] [DEADLOCK_CONFIRMADO] DEADLOCK CONFIRMADO! Espera circular detetada entre threads. | Threads: [Thread-A,Thread-B] | Recursos: [R2,R1]
[2025-12-14 19:40:04.717] [CRITICO] [DEADLOCK_CONFIRMADO] DEADLOCK CONFIRMADO! Espera circular detetada entre threads. | Threads: [Thread-A,Thread-B] | Recursos: [R2,R1]
[2025-12-14 19:40:05.719] [CRITICO] [DEADLOCK_CONFIRMADO] DEADLOCK CONFIRMADO! Espera circular detetada entre threads. | Threads: [Thread-A,Thread-B] | Recursos: [R2,R1]
[2025-12-14 19:40:06.720] [CRITICO] [DEADLOCK_CONFIRMADO] DEADLOCK CONFIRMADO! Espera circular detetada entre threads. | Threads: [Thread-A,Thread-B] | Recursos: [R2,R1]
[2025-12-14 19:40:07.722] [CRITICO] [DEADLOCK_CONFIRMADO] DEADLOCK CONFIRMADO! Espera circular detetada entre threads. | Threads: [Thread-A,Thread-B] | Recursos: [R2,R1]
[2025-12-14 19:40:07.896] [CRITICO] [STARVATION] STARVATION detetada! Thread Thread-A está à espera há 5045ms pelo recurso R2 | Threads: [Thread-A] | Recursos: [R2]
[2025-12-14 19:40:07.896] [CRITICO] [STARVATION] STARVATION detetada! Thread Thread-B está à espera há 5043ms pelo recurso R1 | Threads: [Thread-B] | Recursos: [R1]
[2025-12-14 19:40:07.998] [CRITICO] [STARVATION] STARVATION detetada! Thread Thread-A está à espera há 5152ms pelo recurso R2 | Threads: [Thread-A] | Recursos: [R2]
[2025-12-14 19:40:07.998] [CRITICO] [STARVATION] STARVATION detetada! Thread Thread-B está à espera há 5152ms pelo recurso R1 | Threads: [Thread-B] | Recursos: [R1]
[2025-12-14 19:40:08.099] [CRITICO] [STARVATION] STARVATION detetada! Thread Thread-A está à espera há 5253ms pelo recurso R2 | Threads: [Thread-A] | Recursos: [R2]
[2025-12-14 19:40:08.099] [CRITICO] [STARVATION] STARVATION detetada! Thread Thread-B está à espera há 5253ms pelo recurso R1 | Threads: [Thread-B] | Recursos: [R1]
[2025-12-14 19:40:08.200] [CRITICO] [STARVATION] STARVATION detetada! Thread Thread-A está à espera há 5354ms pelo recurso R2 | Threads: [Thread-A] | Recursos: [R2]
[2025-12-14 19:40:08.202] [CRITICO] [STARVATION] STARVATION detetada! Thread Thread-B está à espera há 5356ms pelo recurso R1 | Threads: [Thread-B] | Recursos: [R1]
[2025-12-14 19:40:08.302] [CRITICO] [STARVATION] STARVATION detetada! Thread Thread-A está à espera há 5456ms pelo recurso R2 | Threads: [Thread-A] | Recursos: [R2]
[2025-12-14 19:40:08.304] [CRITICO] [STARVATION] STARVATION detetada! Thread Thread-B está à espera há 5458ms pelo recurso R1 | Threads: [Thread-B] | Recursos: [R1]
[2025-12-14 19:40:08.403] [CRITICO] [STARVATION] STARVATION detetada! Thread Thread-A está à espera há 5557ms pelo recurso R2 | Threads: [Thread-A] | Recursos: [R2]
[2025-12-14 19:40:08.405] [CRITICO] [STARVATION] STARVATION detetada! Thread Thread-B está à espera há 5559ms pelo recurso R1 | Threads: [Thread-B] | Recursos: [R1]
[2025-12-14 19:40:08.506] [CRITICO] [STARVATION] STARVATION detetada! Thread Thread-B está à espera há 5660ms pelo recurso R1 | Threads: [Thread-B] | Recursos: [R1]
[2025-12-14 19:40:08.507] [CRITICO] [STARVATION] STARVATION detetada! Thread Thread-A está à espera há 5661ms pelo recurso R2 | Threads: [Thread-A] | Recursos: [R2]
[2025-12-14 19:40:08.608] [CRITICO] [STARVATION] STARVATION detetada! Thread Thread-B está à espera há 5762ms pelo recurso R1 | Threads: [Thread-B] | Recursos: [R1]
[2025-12-14 19:40:08.608] [CRITICO] [STARVATION] STARVATION detetada! Thread Thread-A está à espera há 5762ms pelo recurso R2 | Threads: [Thread-A] | Recursos: [R2]
[2025-12-14 19:40:08.709] [CRITICO] [STARVATION] STARVATION detetada! Thread Thread-B está à espera há 5863ms pelo recurso R1 | Threads: [Thread-B] | Recursos: [R1]
[2025-12-14 19:40:08.711] [CRITICO] [STARVATION] STARVATION detetada! Thread Thread-A está à espera há 5865ms pelo recurso R2 | Threads: [Thread-A] | Recursos: [R2]
[2025-12-14 19:40:08.723] [CRITICO] [DEADLOCK_CONFIRMADO] DEADLOCK CONFIRMADO! Espera circular detetada entre threads. | Threads: [Thread-A,Thread-B] | Recursos: [R2,R1]
[2025-12-14 19:40:08.811] [CRITICO] [STARVATION] STARVATION detetada! Thread Thread-B está à espera há 5965ms pelo recurso R1 | Threads: [Thread-B] | Recursos: [R1]
[2025-12-14 19:40:08.813] [CRITICO] [STARVATION] STARVATION detetada! Thread Thread-A está à espera há 5967ms pelo recurso R2 | Threads: [Thread-A] | Recursos: [R2]
[2025-12-14 19:40:08.912] [CRITICO] [STARVATION] STARVATION detetada! Thread Thread-B está à espera há 6066ms pelo recurso R1 | Threads: [Thread-B] | Recursos: [R1]
[2025-12-14 19:40:08.914] [CRITICO] [STARVATION] STARVATION detetada! Thread Thread-A está à espera há 6068ms pelo recurso R2 | Threads: [Thread-A] | Recursos: [R2]
[2025-12-14 19:40:09.014] [CRITICO] [STARVATION] STARVATION detetada! Thread Thread-B está à espera há 6168ms pelo recurso R1 | Threads: [Thread-B] | Recursos: [R1]
[2025-12-14 19:40:09.016] [CRITICO] [STARVATION] STARVATION detetada! Thread Thread-A está à espera há 6170ms pelo recurso R2 | Threads: [Thread-A] | Recursos: [R2]
[2025-12-14 19:40:09.116] [CRITICO] [STARVATION] STARVATION detetada! Thread Thread-B está à espera há 6270ms pelo recurso R1 | Threads: [Thread-B] | Recursos: [R1]
[2025-12-14 19:40:09.117] [CRITICO] [STARVATION] STARVATION detetada! Thread Thread-A está à espera há 6271ms pelo recurso R2 | Threads: [Thread-A] | Recursos: [R2]
[2025-12-14 19:40:09.218] [CRITICO] [STARVATION] STARVATION detetada! Thread Thread-A está à espera há 6372ms pelo recurso R2 | Threads: [Thread-A] | Recursos: [R2]
[2025-12-14 19:40:09.218] [CRITICO] [STARVATION] STARVATION detetada! Thread Thread-B está à espera há 6372ms pelo recurso R1 | Threads: [Thread-B] | Recursos: [R1]
[2025-12-14 19:40:09.319] [CRITICO] [STARVATION] STARVATION detetada! Thread Thread-B está à espera há 6473ms pelo recurso R1 | Threads: [Thread-B] | Recursos: [R1]
[2025-12-14 19:40:09.319] [CRITICO] [STARVATION] STARVATION detetada! Thread Thread-A está à espera há 6473ms pelo recurso R2 | Threads: [Thread-A] | Recursos: [R2]
[2025-12-14 19:40:09.422] [CRITICO] [STARVATION] STARVATION detetada! Thread Thread-A está à espera há 6576ms pelo recurso R2 | Threads: [Thread-A] | Recursos: [R2]
[2025-12-14 19:40:09.423] [CRITICO] [STARVATION] STARVATION detetada! Thread Thread-B está à espera há 6577ms pelo recurso R1 | Threads: [Thread-B] | Recursos: [R1]
[2025-12-14 19:40:09.523] [CRITICO] [STARVATION] STARVATION detetada! Thread Thread-A está à espera há 6677ms pelo recurso R2 | Threads: [Thread-A] | Recursos: [R2]
[2025-12-14 19:40:09.524] [CRITICO] [STARVATION] STARVATION detetada! Thread Thread-B está à espera há 6678ms pelo recurso R1 | Threads: [Thread-B] | Recursos: [R1]
[2025-12-14 19:40:09.625] [CRITICO] [STARVATION] STARVATION detetada! Thread Thread-A está à espera há 6779ms pelo recurso R2 | Threads: [Thread-A] | Recursos: [R2]
[2025-12-14 19:40:09.627] [CRITICO] [STARVATION] STARVATION detetada! Thread Thread-B está à espera há 6781ms pelo recurso R1 | Threads: [Thread-B] | Recursos: [R1]
[2025-12-14 19:40:09.725] [CRITICO] [DEADLOCK_CONFIRMADO] DEADLOCK CONFIRMADO! Espera circular detetada entre threads. | Threads: [Thread-A,Thread-B] | Recursos: [R2,R1]
[2025-12-14 19:40:09.727] [CRITICO] [STARVATION] STARVATION detetada! Thread Thread-A está à espera há 6881ms pelo recurso R2 | Threads: [Thread-A] | Recursos: [R2]
[2025-12-14 19:40:09.729] [CRITICO] [STARVATION] STARVATION detetada! Thread Thread-B está à espera há 6883ms pelo recurso R1 | Threads: [Thread-B] | Recursos: [R1]
[2025-12-14 19:40:09.828] [CRITICO] [STARVATION] STARVATION detetada! Thread Thread-A está à espera há 6982ms pelo recurso R2 | Threads: [Thread-A] | Recursos: [R2]
[2025-12-14 19:40:09.830] [CRITICO] [STARVATION] STARVATION detetada! Thread Thread-B está à espera há 6984ms pelo recurso R1 | Threads: [Thread-B] | Recursos: [R1]
[2025-12-14 19:40:09.930] [CRITICO] [STARVATION] STARVATION detetada! Thread Thread-A está à espera há 7084ms pelo recurso R2 | Threads: [Thread-A] | Recursos: [R2]
[2025-12-14 19:40:09.931] [CRITICO] [STARVATION] STARVATION detetada! Thread Thread-B está à espera há 7085ms pelo recurso R1 | Threads: [Thread-B] | Recursos: [R1]
[2025-12-14 19:40:10.032] [CRITICO] [STARVATION] STARVATION detetada! Thread Thread-A está à espera há 7186ms pelo recurso R2 | Threads: [Thread-A] | Recursos: [R2]
[2025-12-14 19:40:10.032] [CRITICO] [STARVATION] STARVATION detetada! Thread Thread-B está à espera há 7186ms pelo recurso R1 | Threads: [Thread-B] | Recursos: [R1]
[2025-12-14 19:40:10.133] [CRITICO] [STARVATION] STARVATION detetada! Thread Thread-A está à espera há 7287ms pelo recurso R2 | Threads: [Thread-A] | Recursos: [R2]
[2025-12-14 19:40:10.133] [CRITICO] [STARVATION] STARVATION detetada! Thread Thread-B está à espera há 7287ms pelo recurso R1 | Threads: [Thread-B] | Recursos: [R1]
[2025-12-14 19:40:10.236] [CRITICO] [STARVATION] STARVATION detetada! Thread Thread-B está à espera há 7390ms pelo recurso R1 | Threads: [Thread-B] | Recursos: [R1]
[2025-12-14 19:40:10.236] [CRITICO] [STARVATION] STARVATION detetada! Thread Thread-A está à espera há 7390ms pelo recurso R2 | Threads: [Thread-A] | Recursos: [R2]
[2025-12-14 19:40:10.338] [CRITICO] [STARVATION] STARVATION detetada! Thread Thread-B está à espera há 7492ms pelo recurso R1 | Threads: [Thread-B] | Recursos: [R1]
[2025-12-14 19:40:10.340] [CRITICO] [STARVATION] STARVATION detetada! Thread Thread-A está à espera há 7494ms pelo recurso R2 | Threads: [Thread-A] | Recursos: [R2]
[2025-12-14 19:40:10.440] [CRITICO] [STARVATION] STARVATION detetada! Thread Thread-B está à espera há 7594ms pelo recurso R1 | Threads: [Thread-B] | Recursos: [R1]
[2025-12-14 19:40:10.441] [CRITICO] [STARVATION] STARVATION detetada! Thread Thread-A está à espera há 7595ms pelo recurso R2 | Threads: [Thread-A] | Recursos: [R2]
[2025-12-14 19:40:10.541] [CRITICO] [STARVATION] STARVATION detetada! Thread Thread-B está à espera há 7695ms pelo recurso R1 | Threads: [Thread-B] | Recursos: [R1]
[2025-12-14 19:40:10.543] [CRITICO] [STARVATION] STARVATION detetada! Thread Thread-A está à espera há 7697ms pelo recurso R2 | Threads: [Thread-A] | Recursos: [R2]
[2025-12-14 19:40:10.643] [CRITICO] [STARVATION] STARVATION detetada! Thread Thread-B está à espera há 7797ms pelo recurso R1 | Threads: [Thread-B] | Recursos: [R1]
[2025-12-14 19:40:10.645] [CRITICO] [STARVATION] STARVATION detetada! Thread Thread-A está à espera há 7799ms pelo recurso R2 | Threads: [Thread-A] | Recursos: [R2]
[2025-12-14 19:40:10.727] [CRITICO] [DEADLOCK_CONFIRMADO] DEADLOCK CONFIRMADO! Espera circular detetada entre threads. | Threads: [Thread-A,Thread-B] | Recursos: [R2,R1]
[2025-12-14 19:40:10.744] [CRITICO] [STARVATION] STARVATION detetada! Thread Thread-B está à espera há 7898ms pelo recurso R1 | Threads: [Thread-B] | Recursos: [R1]
[2025-12-14 19:40:10.747] [CRITICO] [STARVATION] STARVATION detetada! Thread Thread-A está à espera há 7901ms pelo recurso R2 | Threads: [Thread-A] | Recursos: [R2]
[2025-12-14 19:40:10.845] [CRITICO] [STARVATION] STARVATION detetada! Thread Thread-B está à espera há 7999ms pelo recurso R1 | Threads: [Thread-B] | Recursos: [R1]
[2025-12-14 19:40:10.848] [CRITICO] [STARVATION] STARVATION detetada! Thread Thread-A está à espera há 8002ms pelo recurso R2 | Threads: [Thread-A] | Recursos: [R2]
[2025-12-14 19:40:10.946] [CRITICO] [STARVATION] STARVATION detetada! Thread Thread-B está à espera há 8100ms pelo recurso R1 | Threads: [Thread-B] | Recursos: [R1]
[2025-12-14 19:40:10.950] [CRITICO] [STARVATION] STARVATION detetada! Thread Thread-A está à espera há 8104ms pelo recurso R2 | Threads: [Thread-A] | Recursos: [R2]
[2025-12-14 19:40:11.048] [CRITICO] [STARVATION] STARVATION detetada! Thread Thread-B está à espera há 8202ms pelo recurso R1 | Threads: [Thread-B] | Recursos: [R1]
[2025-12-14 19:40:11.050] [CRITICO] [STARVATION] STARVATION detetada! Thread Thread-A está à espera há 8204ms pelo recurso R2 | Threads: [Thread-A] | Recursos: [R2]
[2025-12-14 19:40:11.150] [CRITICO] [STARVATION] STARVATION detetada! Thread Thread-B está à espera há 8304ms pelo recurso R1 | Threads: [Thread-B] | Recursos: [R1]
[2025-12-14 19:40:11.152] [CRITICO] [STARVATION] STARVATION detetada! Thread Thread-A está à espera há 8306ms pelo recurso R2 | Threads: [Thread-A] | Recursos: [R2]
[2025-12-14 19:40:11.251] [CRITICO] [STARVATION] STARVATION detetada! Thread Thread-B está à espera há 8405ms pelo recurso R1 | Threads: [Thread-B] | Recursos: [R1]
[2025-12-14 19:40:11.253] [CRITICO] [STARVATION] STARVATION detetada! Thread Thread-A está à espera há 8407ms pelo recurso R2 | Threads: [Thread-A] | Recursos: [R2]
[2025-12-14 19:40:11.353] [CRITICO] [STARVATION] STARVATION detetada! Thread Thread-B está à espera há 8507ms pelo recurso R1 | Threads: [Thread-B] | Recursos: [R1]
[2025-12-14 19:40:11.355] [CRITICO] [STARVATION] STARVATION detetada! Thread Thread-A está à espera há 8509ms pelo recurso R2 | Threads: [Thread-A] | Recursos: [R2]
[2025-12-14 19:40:11.455] [CRITICO] [STARVATION] STARVATION detetada! Thread Thread-B está à espera há 8609ms pelo recurso R1 | Threads: [Thread-B] | Recursos: [R1]
[2025-12-14 19:40:11.457] [CRITICO] [STARVATION] STARVATION detetada! Thread Thread-A está à espera há 8611ms pelo recurso R2 | Threads: [Thread-A] | Recursos: [R2]
[2025-12-14 19:40:11.557] [CRITICO] [STARVATION] STARVATION detetada! Thread Thread-B está à espera há 8711ms pelo recurso R1 | Threads: [Thread-B] | Recursos: [R1]
[2025-12-14 19:40:11.558] [CRITICO] [STARVATION] STARVATION detetada! Thread Thread-A está à espera há 8712ms pelo recurso R2 | Threads: [Thread-A] | Recursos: [R2]
[2025-12-14 19:40:11.658] [CRITICO] [STARVATION] STARVATION detetada! Thread Thread-B está à espera há 8812ms pelo recurso R1 | Threads: [Thread-B] | Recursos: [R1]
[2025-12-14 19:40:11.659] [CRITICO] [STARVATION] STARVATION detetada! Thread Thread-A está à espera há 8813ms pelo recurso R2 | Threads: [Thread-A] | Recursos: [R2]
[2025-12-14 19:40:11.729] [CRITICO] [DEADLOCK_CONFIRMADO] DEADLOCK CONFIRMADO! Espera circular detetada entre threads. | Threads: [Thread-A,Thread-B] | Recursos: [R2,R1]
[2025-12-14 19:40:11.760] [CRITICO] [STARVATION] STARVATION detetada! Thread Thread-B está à espera há 8914ms pelo recurso R1 | Threads: [Thread-B] | Recursos: [R1]
[2025-12-14 19:40:11.762] [CRITICO] [STARVATION] STARVATION detetada! Thread Thread-A está à espera há 8916ms pelo recurso R2 | Threads: [Thread-A] | Recursos: [R2]
[2025-12-14 19:40:11.862] [CRITICO] [STARVATION] STARVATION detetada! Thread Thread-B está à espera há 9016ms pelo recurso R1 | Threads: [Thread-B] | Recursos: [R1]
[2025-12-14 19:40:11.864] [CRITICO] [STARVATION] STARVATION detetada! Thread Thread-A está à espera há 9018ms pelo recurso R2 | Threads: [Thread-A] | Recursos: [R2]
[2025-12-14 19:40:11.978] [CRITICO] [STARVATION] STARVATION detetada! Thread Thread-A está à espera há 9132ms pelo recurso R2 | Threads: [Thread-A] | Recursos: [R2]
[2025-12-14 19:40:11.978] [CRITICO] [STARVATION] STARVATION detetada! Thread Thread-B está à espera há 9132ms pelo recurso R1 | Threads: [Thread-B] | Recursos: [R1]
[2025-12-14 19:40:12.079] [CRITICO] [STARVATION] STARVATION detetada! Thread Thread-A está à espera há 9233ms pelo recurso R2 | Threads: [Thread-A] | Recursos: [R2]
[2025-12-14 19:40:12.079] [CRITICO] [STARVATION] STARVATION detetada! Thread Thread-B está à espera há 9233ms pelo recurso R1 | Threads: [Thread-B] | Recursos: [R1]
[2025-12-14 19:40:12.182] [CRITICO] [STARVATION] STARVATION detetada! Thread Thread-B está à espera há 9336ms pelo recurso R1 | Threads: [Thread-B] | Recursos: [R1]
[2025-12-14 19:40:12.182] [CRITICO] [STARVATION] STARVATION detetada! Thread Thread-A está à espera há 9336ms pelo recurso R2 | Threads: [Thread-A] | Recursos: [R2]
[2025-12-14 19:40:12.284] [CRITICO] [STARVATION] STARVATION detetada! Thread Thread-A está à espera há 9438ms pelo recurso R2 | Threads: [Thread-A] | Recursos: [R2]
[2025-12-14 19:40:12.284] [CRITICO] [STARVATION] STARVATION detetada! Thread Thread-B está à espera há 9438ms pelo recurso R1 | Threads: [Thread-B] | Recursos: [R1]
[2025-12-14 19:40:12.385] [CRITICO] [STARVATION] STARVATION detetada! Thread Thread-A está à espera há 9539ms pelo recurso R2 | Threads: [Thread-A] | Recursos: [R2]
[2025-12-14 19:40:12.387] [CRITICO] [STARVATION] STARVATION detetada! Thread Thread-B está à espera há 9541ms pelo recurso R1 | Threads: [Thread-B] | Recursos: [R1]
[2025-12-14 19:40:12.487] [CRITICO] [STARVATION] STARVATION detetada! Thread Thread-A está à espera há 9641ms pelo recurso R2 | Threads: [Thread-A] | Recursos: [R2]
[2025-12-14 19:40:12.488] [CRITICO] [STARVATION] STARVATION detetada! Thread Thread-B está à espera há 9642ms pelo recurso R1 | Threads: [Thread-B] | Recursos: [R1]
[2025-12-14 19:40:12.590] [CRITICO] [STARVATION] STARVATION detetada! Thread Thread-B está à espera há 9744ms pelo recurso R1 | Threads: [Thread-B] | Recursos: [R1]
[2025-12-14 19:40:12.590] [CRITICO] [STARVATION] STARVATION detetada! Thread Thread-A está à espera há 9744ms pelo recurso R2 | Threads: [Thread-A] | Recursos: [R2]
[2025-12-14 19:40:12.692] [CRITICO] [STARVATION] STARVATION detetada! Thread Thread-B está à espera há 9846ms pelo recurso R1 | Threads: [Thread-B] | Recursos: [R1]
[2025-12-14 19:40:12.692] [CRITICO] [STARVATION] STARVATION detetada! Thread Thread-A está à espera há 9846ms pelo recurso R2 | Threads: [Thread-A] | Recursos: [R2]
[2025-12-14 19:40:12.730] [CRITICO] [DEADLOCK_CONFIRMADO] DEADLOCK CONFIRMADO! Espera circular detetada entre threads. | Threads: [Thread-A,Thread-B] | Recursos: [R2,R1]
[2025-12-14 19:40:12.793] [CRITICO] [STARVATION] STARVATION detetada! Thread Thread-B está à espera há 9947ms pelo recurso R1 | Threads: [Thread-B] | Recursos: [R1]
[2025-12-14 19:40:12.793] [CRITICO] [STARVATION] STARVATION detetada! Thread Thread-A está à espera há 9947ms pelo recurso R2 | Threads: [Thread-A] | Recursos: [R2]
[2025-12-14 19:40:12.895] [CRITICO] [STARVATION] STARVATION detetada! Thread Thread-A está à espera há 10049ms pelo recurso R2 | Threads: [Thread-A] | Recursos: [R2]
[2025-12-14 19:40:12.895] [CRITICO] [STARVATION] STARVATION detetada! Thread Thread-B está à espera há 10049ms pelo recurso R1 | Threads: [Thread-B] | Recursos: [R1]
[2025-12-14 19:40:12.996] [CRITICO] [STARVATION] STARVATION detetada! Thread Thread-A está à espera há 10150ms pelo recurso R2 | Threads: [Thread-A] | Recursos: [R2]
[2025-12-14 19:40:12.997] [CRITICO] [STARVATION] STARVATION detetada! Thread Thread-B está à espera há 10151ms pelo recurso R1 | Threads: [Thread-B] | Recursos: [R1]
[2025-12-14 19:40:13.099] [CRITICO] [STARVATION] STARVATION detetada! Thread Thread-A está à espera há 10253ms pelo recurso R2 | Threads: [Thread-A] | Recursos: [R2]
[2025-12-14 19:40:13.099] [CRITICO] [STARVATION] STARVATION detetada! Thread Thread-B está à espera há 10253ms pelo recurso R1 | Threads: [Thread-B] | Recursos: [R1]
[2025-12-14 19:40:13.200] [CRITICO] [STARVATION] STARVATION detetada! Thread Thread-A está à espera há 10354ms pelo recurso R2 | Threads: [Thread-A] | Recursos: [R2]
[2025-12-14 19:40:13.200] [CRITICO] [STARVATION] STARVATION detetada! Thread Thread-B está à espera há 10354ms pelo recurso R1 | Threads: [Thread-B] | Recursos: [R1]
[2025-12-14 19:40:13.329] [CRITICO] [STARVATION] STARVATION detetada! Thread Thread-A está à espera há 10483ms pelo recurso R2 | Threads: [Thread-A] | Recursos: [R2]
[2025-12-14 19:40:13.329] [CRITICO] [STARVATION] STARVATION detetada! Thread Thread-B está à espera há 10483ms pelo recurso R1 | Threads: [Thread-B] | Recursos: [R1]
[2025-12-14 19:40:13.431] [CRITICO] [STARVATION] STARVATION detetada! Thread Thread-B está à espera há 10585ms pelo recurso R1 | Threads: [Thread-B] | Recursos: [R1]
[2025-12-14 19:40:13.431] [CRITICO] [STARVATION] STARVATION detetada! Thread Thread-A está à espera há 10585ms pelo recurso R2 | Threads: [Thread-A] | Recursos: [R2]
[2025-12-14 19:40:13.533] [CRITICO] [STARVATION] STARVATION detetada! Thread Thread-B está à espera há 10687ms pelo recurso R1 | Threads: [Thread-B] | Recursos: [R1]
[2025-12-14 19:40:13.533] [CRITICO] [STARVATION] STARVATION detetada! Thread Thread-A está à espera há 10687ms pelo recurso R2 | Threads: [Thread-A] | Recursos: [R2]
[2025-12-14 19:40:13.633] [CRITICO] [STARVATION] STARVATION detetada! Thread Thread-B está à espera há 10787ms pelo recurso R1 | Threads: [Thread-B] | Recursos: [R1]
[2025-12-14 19:40:13.635] [CRITICO] [STARVATION] STARVATION detetada! Thread Thread-A está à espera há 10789ms pelo recurso R2 | Threads: [Thread-A] | Recursos: [R2]
[2025-12-14 19:40:13.731] [CRITICO] [DEADLOCK_CONFIRMADO] DEADLOCK CONFIRMADO! Espera circular detetada entre threads. | Threads: [Thread-A,Thread-B] | Recursos: [R2,R1]
[2025-12-14 19:40:13.736] [CRITICO] [STARVATION] STARVATION detetada! Thread Thread-B está à espera há 10890ms pelo recurso R1 | Threads: [Thread-B] | Recursos: [R1]
[2025-12-14 19:40:13.737] [CRITICO] [STARVATION] STARVATION detetada! Thread Thread-A está à espera há 10891ms pelo recurso R2 | Threads: [Thread-A] | Recursos: [R2]
[2025-12-14 19:40:13.837] [CRITICO] [STARVATION] STARVATION detetada! Thread Thread-B está à espera há 10991ms pelo recurso R1 | Threads: [Thread-B] | Recursos: [R1]
[2025-12-14 19:40:13.839] [CRITICO] [STARVATION] STARVATION detetada! Thread Thread-A está à espera há 10993ms pelo recurso R2 | Threads: [Thread-A] | Recursos: [R2]
[2025-12-14 19:40:13.939] [CRITICO] [STARVATION] STARVATION detetada! Thread Thread-B está à espera há 11093ms pelo recurso R1 | Threads: [Thread-B] | Recursos: [R1]
[2025-12-14 19:40:13.941] [CRITICO] [STARVATION] STARVATION detetada! Thread Thread-A está à espera há 11095ms pelo recurso R2 | Threads: [Thread-A] | Recursos: [R2]
[2025-12-14 19:40:14.040] [CRITICO] [STARVATION] STARVATION detetada! Thread Thread-B está à espera há 11194ms pelo recurso R1 | Threads: [Thread-B] | Recursos: [R1]
[2025-12-14 19:40:14.042] [CRITICO] [STARVATION] STARVATION detetada! Thread Thread-A está à espera há 11196ms pelo recurso R2 | Threads: [Thread-A] | Recursos: [R2]
[2025-12-14 19:40:14.142] [CRITICO] [STARVATION] STARVATION detetada! Thread Thread-B está à espera há 11296ms pelo recurso R1 | Threads: [Thread-B] | Recursos: [R1]
[2025-12-14 19:40:14.143] [CRITICO] [STARVATION] STARVATION detetada! Thread Thread-A está à espera há 11297ms pelo recurso R2 | Threads: [Thread-A] | Recursos: [R2]
[2025-12-14 19:40:14.244] [CRITICO] [STARVATION] STARVATION detetada! Thread Thread-A está à espera há 11398ms pelo recurso R2 | Threads: [Thread-A] | Recursos: [R2]
[2025-12-14 19:40:14.244] [CRITICO] [STARVATION] STARVATION detetada! Thread Thread-B está à espera há 11398ms pelo recurso R1 | Threads: [Thread-B] | Recursos: [R1]
[2025-12-14 19:40:14.345] [CRITICO] [STARVATION] STARVATION detetada! Thread Thread-B está à espera há 11499ms pelo recurso R1 | Threads: [Thread-B] | Recursos: [R1]
[2025-12-14 19:40:14.345] [CRITICO] [STARVATION] STARVATION detetada! Thread Thread-A está à espera há 11499ms pelo recurso R2 | Threads: [Thread-A] | Recursos: [R2]
[2025-12-14 19:40:14.446] [CRITICO] [STARVATION] STARVATION detetada! Thread Thread-B está à espera há 11600ms pelo recurso R1 | Threads: [Thread-B] | Recursos: [R1]
[2025-12-14 19:40:14.447] [CRITICO] [STARVATION] STARVATION detetada! Thread Thread-A está à espera há 11601ms pelo recurso R2 | Threads: [Thread-A] | Recursos: [R2]
[2025-12-14 19:40:14.547] [CRITICO] [STARVATION] STARVATION detetada! Thread Thread-B está à espera há 11701ms pelo recurso R1 | Threads: [Thread-B] | Recursos: [R1]
[2025-12-14 19:40:14.550] [CRITICO] [STARVATION] STARVATION detetada! Thread Thread-A está à espera há 11704ms pelo recurso R2 | Threads: [Thread-A] | Recursos: [R2]
[2025-12-14 19:40:14.648] [CRITICO] [STARVATION] STARVATION detetada! Thread Thread-B está à espera há 11802ms pelo recurso R1 | Threads: [Thread-B] | Recursos: [R1]
[2025-12-14 19:40:14.651] [CRITICO] [STARVATION] STARVATION detetada! Thread Thread-A está à espera há 11805ms pelo recurso R2 | Threads: [Thread-A] | Recursos: [R2]
[2025-12-14 19:40:14.732] [CRITICO] [DEADLOCK_CONFIRMADO] DEADLOCK CONFIRMADO! Espera circular detetada entre threads. | Threads: [Thread-A,Thread-B] | Recursos: [R2,R1]
[2025-12-14 19:40:14.751] [CRITICO] [STARVATION] STARVATION detetada! Thread Thread-B está à espera há 11905ms pelo recurso R1 | Threads: [Thread-B] | Recursos: [R1]
[2025-12-14 19:40:14.753] [CRITICO] [STARVATION] STARVATION detetada! Thread Thread-A está à espera há 11907ms pelo recurso R2 | Threads: [Thread-A] | Recursos: [R2]
[2025-12-14 19:40:14.852] [CRITICO] [STARVATION] STARVATION detetada! Thread Thread-B está à espera há 12006ms pelo recurso R1 | Threads: [Thread-B] | Recursos: [R1]
[2025-12-14 19:40:14.854] [CRITICO] [STARVATION] STARVATION detetada! Thread Thread-A está à espera há 12008ms pelo recurso R2 | Threads: [Thread-A] | Recursos: [R2]
[2025-12-14 19:40:14.953] [CRITICO] [STARVATION] STARVATION detetada! Thread Thread-B está à espera há 12107ms pelo recurso R1 | Threads: [Thread-B] | Recursos: [R1]
[2025-12-14 19:40:14.955] [CRITICO] [STARVATION] STARVATION detetada! Thread Thread-A está à espera há 12109ms pelo recurso R2 | Threads: [Thread-A] | Recursos: [R2]
[2025-12-14 19:40:15.056] [CRITICO] [STARVATION] STARVATION detetada! Thread Thread-A está à espera há 12210ms pelo recurso R2 | Threads: [Thread-A] | Recursos: [R2]
[2025-12-14 19:40:15.056] [CRITICO] [STARVATION] STARVATION detetada! Thread Thread-B está à espera há 12210ms pelo recurso R1 | Threads: [Thread-B] | Recursos: [R1]
[2025-12-14 19:40:15.157] [CRITICO] [STARVATION] STARVATION detetada! Thread Thread-B está à espera há 12311ms pelo recurso R1 | Threads: [Thread-B] | Recursos: [R1]
[2025-12-14 19:40:15.158] [CRITICO] [STARVATION] STARVATION detetada! Thread Thread-A está à espera há 12312ms pelo recurso R2 | Threads: [Thread-A] | Recursos: [R2]
[2025-12-14 19:40:15.258] [CRITICO] [STARVATION] STARVATION detetada! Thread Thread-B está à espera há 12412ms pelo recurso R1 | Threads: [Thread-B] | Recursos: [R1]
[2025-12-14 19:40:15.260] [CRITICO] [STARVATION] STARVATION detetada! Thread Thread-A está à espera há 12414ms pelo recurso R2 | Threads: [Thread-A] | Recursos: [R2]
[2025-12-14 19:40:15.359] [CRITICO] [STARVATION] STARVATION detetada! Thread Thread-B está à espera há 12513ms pelo recurso R1 | Threads: [Thread-B] | Recursos: [R1]
[2025-12-14 19:40:15.361] [CRITICO] [STARVATION] STARVATION detetada! Thread Thread-A está à espera há 12515ms pelo recurso R2 | Threads: [Thread-A] | Recursos: [R2]
[2025-12-14 19:40:15.462] [CRITICO] [STARVATION] STARVATION detetada! Thread Thread-B está à espera há 12616ms pelo recurso R1 | Threads: [Thread-B] | Recursos: [R1]
[2025-12-14 19:40:15.463] [CRITICO] [STARVATION] STARVATION detetada! Thread Thread-A está à espera há 12617ms pelo recurso R2 | Threads: [Thread-A] | Recursos: [R2]
[2025-12-14 19:40:15.562] [CRITICO] [STARVATION] STARVATION detetada! Thread Thread-B está à espera há 12716ms pelo recurso R1 | Threads: [Thread-B] | Recursos: [R1]
[2025-12-14 19:40:15.564] [CRITICO] [STARVATION] STARVATION detetada! Thread Thread-A está à espera há 12718ms pelo recurso R2 | Threads: [Thread-A] | Recursos: [R2]
[2025-12-14 19:40:15.665] [CRITICO] [STARVATION] STARVATION detetada! Thread Thread-A está à espera há 12819ms pelo recurso R2 | Threads: [Thread-A] | Recursos: [R2]
[2025-12-14 19:40:15.665] [CRITICO] [STARVATION] STARVATION detetada! Thread Thread-B está à espera há 12819ms pelo recurso R1 | Threads: [Thread-B] | Recursos: [R1]
[2025-12-14 19:40:15.733] [CRITICO] [DEADLOCK_CONFIRMADO] DEADLOCK CONFIRMADO! Espera circular detetada entre threads. | Threads: [Thread-A,Thread-B] | Recursos: [R2,R1]
[2025-12-14 19:40:15.766] [CRITICO] [STARVATION] STARVATION detetada! Thread Thread-B está à espera há 12920ms pelo recurso R1 | Threads: [Thread-B] | Recursos: [R1]
[2025-12-14 19:40:15.766] [CRITICO] [STARVATION] STARVATION detetada! Thread Thread-A está à espera há 12920ms pelo recurso R2 | Threads: [Thread-A] | Recursos: [R2]
[2025-12-14 19:40:15.867] [CRITICO] [STARVATION] STARVATION detetada! Thread Thread-B está à espera há 13021ms pelo recurso R1 | Threads: [Thread-B] | Recursos: [R1]
[2025-12-14 19:40:15.867] [CRITICO] [STARVATION] STARVATION detetada! Thread Thread-A está à espera há 13021ms pelo recurso R2 | Threads: [Thread-A] | Recursos: [R2]
[2025-12-14 19:40:15.968] [CRITICO] [STARVATION] STARVATION detetada! Thread Thread-A está à espera há 13122ms pelo recurso R2 | Threads: [Thread-A] | Recursos: [R2]
[2025-12-14 19:40:15.968] [CRITICO] [STARVATION] STARVATION detetada! Thread Thread-B está à espera há 13122ms pelo recurso R1 | Threads: [Thread-B] | Recursos: [R1]
[2025-12-14 19:40:16.070] [CRITICO] [STARVATION] STARVATION detetada! Thread Thread-A está à espera há 13224ms pelo recurso R2 | Threads: [Thread-A] | Recursos: [R2]
[2025-12-14 19:40:16.070] [CRITICO] [STARVATION] STARVATION detetada! Thread Thread-B está à espera há 13224ms pelo recurso R1 | Threads: [Thread-B] | Recursos: [R1]
[2025-12-14 19:40:16.173] [CRITICO] [STARVATION] STARVATION detetada! Thread Thread-A está à espera há 13327ms pelo recurso R2 | Threads: [Thread-A] | Recursos: [R2]
[2025-12-14 19:40:16.173] [CRITICO] [STARVATION] STARVATION detetada! Thread Thread-B está à espera há 13327ms pelo recurso R1 | Threads: [Thread-B] | Recursos: [R1]
[2025-12-14 19:40:16.274] [CRITICO] [STARVATION] STARVATION detetada! Thread Thread-B está à espera há 13428ms pelo recurso R1 | Threads: [Thread-B] | Recursos: [R1]
[2025-12-14 19:40:16.274] [CRITICO] [STARVATION] STARVATION detetada! Thread Thread-A está à espera há 13428ms pelo recurso R2 | Threads: [Thread-A] | Recursos: [R2]
[2025-12-14 19:40:16.375] [CRITICO] [STARVATION] STARVATION detetada! Thread Thread-B está à espera há 13529ms pelo recurso R1 | Threads: [Thread-B] | Recursos: [R1]
[2025-12-14 19:40:16.375] [CRITICO] [STARVATION] STARVATION detetada! Thread Thread-A está à espera há 13529ms pelo recurso R2 | Threads: [Thread-A] | Recursos: [R2]
[2025-12-14 19:40:16.477] [CRITICO] [STARVATION] STARVATION detetada! Thread Thread-A está à espera há 13631ms pelo recurso R2 | Threads: [Thread-A] | Recursos: [R2]
[2025-12-14 19:40:16.477] [CRITICO] [STARVATION] STARVATION detetada! Thread Thread-B está à espera há 13631ms pelo recurso R1 | Threads: [Thread-B] | Recursos: [R1]
[2025-12-14 19:40:16.579] [CRITICO] [STARVATION] STARVATION detetada! Thread Thread-B está à espera há 13733ms pelo recurso R1 | Threads: [Thread-B] | Recursos: [R1]
[2025-12-14 19:40:16.579] [CRITICO] [STARVATION] STARVATION detetada! Thread Thread-A está à espera há 13733ms pelo recurso R2 | Threads: [Thread-A] | Recursos: [R2]
[2025-12-14 19:40:16.681] [CRITICO] [STARVATION] STARVATION detetada! Thread Thread-A está à espera há 13835ms pelo recurso R2 | Threads: [Thread-A] | Recursos: [R2]
[2025-12-14 19:40:16.681] [CRITICO] [STARVATION] STARVATION detetada! Thread Thread-B está à espera há 13835ms pelo recurso R1 | Threads: [Thread-B] | Recursos: [R1]
[2025-12-14 19:40:16.735] [CRITICO] [DEADLOCK_CONFIRMADO] DEADLOCK CONFIRMADO! Espera circular detetada entre threads. | Threads: [Thread-A,Thread-B] | Recursos: [R2,R1]
[2025-12-14 19:40:16.783] [CRITICO] [STARVATION] STARVATION detetada! Thread Thread-B está à espera há 13937ms pelo recurso R1 | Threads: [Thread-B] | Recursos: [R1]
[2025-12-14 19:40:16.783] [CRITICO] [STARVATION] STARVATION detetada! Thread Thread-A está à espera há 13937ms pelo recurso R2 | Threads: [Thread-A] | Recursos: [R2]
[2025-12-14 19:40:16.885] [CRITICO] [STARVATION] STARVATION detetada! Thread Thread-A está à espera há 14039ms pelo recurso R2 | Threads: [Thread-A] | Recursos: [R2]
[2025-12-14 19:40:16.885] [CRITICO] [STARVATION] STARVATION detetada! Thread Thread-B está à espera há 14039ms pelo recurso R1 | Threads: [Thread-B] | Recursos: [R1]
[2025-12-14 19:40:16.987] [CRITICO] [STARVATION] STARVATION detetada! Thread Thread-A está à espera há 14141ms pelo recurso R2 | Threads: [Thread-A] | Recursos: [R2]
[2025-12-14 19:40:16.987] [CRITICO] [STARVATION] STARVATION detetada! Thread Thread-B está à espera há 14141ms pelo recurso R1 | Threads: [Thread-B] | Recursos: [R1]
[2025-12-14 19:40:17.090] [CRITICO] [STARVATION] STARVATION detetada! Thread Thread-A está à espera há 14244ms pelo recurso R2 | Threads: [Thread-A] | Recursos: [R2]
[2025-12-14 19:40:17.090] [CRITICO] [STARVATION] STARVATION detetada! Thread Thread-B está à espera há 14244ms pelo recurso R1 | Threads: [Thread-B] | Recursos: [R1]
[2025-12-14 19:40:17.191] [CRITICO] [STARVATION] STARVATION detetada! Thread Thread-A está à espera há 14345ms pelo recurso R2 | Threads: [Thread-A] | Recursos: [R2]
[2025-12-14 19:40:17.192] [CRITICO] [STARVATION] STARVATION detetada! Thread Thread-B está à espera há 14346ms pelo recurso R1 | Threads: [Thread-B] | Recursos: [R1]
[2025-12-14 19:40:17.293] [CRITICO] [STARVATION] STARVATION detetada! Thread Thread-A está à espera há 14447ms pelo recurso R2 | Threads: [Thread-A] | Recursos: [R2]
[2025-12-14 19:40:17.293] [CRITICO] [STARVATION] STARVATION detetada! Thread Thread-B está à espera há 14447ms pelo recurso R1 | Threads: [Thread-B] | Recursos: [R1]
[2025-12-14 19:40:17.429] [CRITICO] [STARVATION] STARVATION detetada! Thread Thread-B está à espera há 14583ms pelo recurso R1 | Threads: [Thread-B] | Recursos: [R1]
[2025-12-14 19:40:17.429] [CRITICO] [STARVATION] STARVATION detetada! Thread Thread-A está à espera há 14583ms pelo recurso R2 | Threads: [Thread-A] | Recursos: [R2]
[2025-12-14 19:40:17.530] [CRITICO] [STARVATION] STARVATION detetada! Thread Thread-A está à espera há 14684ms pelo recurso R2 | Threads: [Thread-A] | Recursos: [R2]
[2025-12-14 19:40:17.530] [CRITICO] [STARVATION] STARVATION detetada! Thread Thread-B está à espera há 14684ms pelo recurso R1 | Threads: [Thread-B] | Recursos: [R1]
[2025-12-14 19:40:17.631] [CRITICO] [STARVATION] STARVATION detetada! Thread Thread-B está à espera há 14785ms pelo recurso R1 | Threads: [Thread-B] | Recursos: [R1]
[2025-12-14 19:40:17.631] [CRITICO] [STARVATION] STARVATION detetada! Thread Thread-A está à espera há 14785ms pelo recurso R2 | Threads: [Thread-A] | Recursos: [R2]
[2025-12-14 19:40:17.732] [CRITICO] [STARVATION] STARVATION detetada! Thread Thread-A está à espera há 14886ms pelo recurso R2 | Threads: [Thread-A] | Recursos: [R2]
[2025-12-14 19:40:17.732] [CRITICO] [STARVATION] STARVATION detetada! Thread Thread-B está à espera há 14886ms pelo recurso R1 | Threads: [Thread-B] | Recursos: [R1]
[2025-12-14 19:40:17.736] [CRITICO] [DEADLOCK_CONFIRMADO] DEADLOCK CONFIRMADO! Espera circular detetada entre threads. | Threads: [Thread-A,Thread-B] | Recursos: [R2,R1]
[2025-12-14 19:40:17.834] [CRITICO] [STARVATION] STARVATION detetada! Thread Thread-B está à espera há 14988ms pelo recurso R1 | Threads: [Thread-B] | Recursos: [R1]
[2025-12-14 19:40:17.834] [CRITICO] [STARVATION] STARVATION detetada! Thread Thread-A está à espera há 14988ms pelo recurso R2 | Threads: [Thread-A] | Recursos: [R2]
[2025-12-14 19:40:17.935] [CRITICO] [STARVATION] STARVATION detetada! Thread Thread-A está à espera há 15089ms pelo recurso R2 | Threads: [Thread-A] | Recursos: [R2]
[2025-12-14 19:40:17.935] [CRITICO] [STARVATION] STARVATION detetada! Thread Thread-B está à espera há 15089ms pelo recurso R1 | Threads: [Thread-B] | Recursos: [R1]
[2025-12-14 19:40:18.036] [CRITICO] [STARVATION] STARVATION detetada! Thread Thread-A está à espera há 15190ms pelo recurso R2 | Threads: [Thread-A] | Recursos: [R2]
[2025-12-14 19:40:18.036] [CRITICO] [STARVATION] STARVATION detetada! Thread Thread-B está à espera há 15190ms pelo recurso R1 | Threads: [Thread-B] | Recursos: [R1]
[2025-12-14 19:40:18.138] [CRITICO] [STARVATION] STARVATION detetada! Thread Thread-B está à espera há 15292ms pelo recurso R1 | Threads: [Thread-B] | Recursos: [R1]
[2025-12-14 19:40:18.139] [CRITICO] [STARVATION] STARVATION detetada! Thread Thread-A está à espera há 15293ms pelo recurso R2 | Threads: [Thread-A] | Recursos: [R2]
[2025-12-14 19:40:18.240] [CRITICO] [STARVATION] STARVATION detetada! Thread Thread-B está à espera há 15394ms pelo recurso R1 | Threads: [Thread-B] | Recursos: [R1]
[2025-12-14 19:40:18.240] [CRITICO] [STARVATION] STARVATION detetada! Thread Thread-A está à espera há 15394ms pelo recurso R2 | Threads: [Thread-A] | Recursos: [R2]
[2025-12-14 19:40:18.342] [CRITICO] [STARVATION] STARVATION detetada! Thread Thread-A está à espera há 15496ms pelo recurso R2 | Threads: [Thread-A] | Recursos: [R2]
[2025-12-14 19:40:18.342] [CRITICO] [STARVATION] STARVATION detetada! Thread Thread-B está à espera há 15496ms pelo recurso R1 | Threads: [Thread-B] | Recursos: [R1]
[2025-12-14 19:40:18.443] [CRITICO] [STARVATION] STARVATION detetada! Thread Thread-A está à espera há 15597ms pelo recurso R2 | Threads: [Thread-A] | Recursos: [R2]
[2025-12-14 19:40:18.445] [CRITICO] [STARVATION] STARVATION detetada! Thread Thread-B está à espera há 15599ms pelo recurso R1 | Threads: [Thread-B] | Recursos: [R1]
[2025-12-14 19:40:18.545] [CRITICO] [STARVATION] STARVATION detetada! Thread Thread-A está à espera há 15699ms pelo recurso R2 | Threads: [Thread-A] | Recursos: [R2]
[2025-12-14 19:40:18.547] [CRITICO] [STARVATION] STARVATION detetada! Thread Thread-B está à espera há 15701ms pelo recurso R1 | Threads: [Thread-B] | Recursos: [R1]
[2025-12-14 19:40:18.647] [CRITICO] [STARVATION] STARVATION detetada! Thread Thread-A está à espera há 15801ms pelo recurso R2 | Threads: [Thread-A] | Recursos: [R2]
[2025-12-14 19:40:18.648] [CRITICO] [STARVATION] STARVATION detetada! Thread Thread-B está à espera há 15802ms pelo recurso R1 | Threads: [Thread-B] | Recursos: [R1]
[2025-12-14 19:40:18.737] [CRITICO] [DEADLOCK_CONFIRMADO] DEADLOCK CONFIRMADO! Espera circular detetada entre threads. | Threads: [Thread-A,Thread-B] | Recursos: [R2,R1]
[2025-12-14 19:40:18.789] [CRITICO] [STARVATION] STARVATION detetada! Thread Thread-B está à espera há 15943ms pelo recurso R1 | Threads: [Thread-B] | Recursos: [R1]
[2025-12-14 19:40:18.789] [CRITICO] [STARVATION] STARVATION detetada! Thread Thread-A está à espera há 15943ms pelo recurso R2 | Threads: [Thread-A] | Recursos: [R2]
[2025-12-14 19:40:18.891] [CRITICO] [STARVATION] STARVATION detetada! Thread Thread-A está à espera há 16045ms pelo recurso R2 | Threads: [Thread-A] | Recursos: [R2]
[2025-12-14 19:40:18.891] [CRITICO] [STARVATION] STARVATION detetada! Thread Thread-B está à espera há 16045ms pelo recurso R1 | Threads: [Thread-B] | Recursos: [R1]
[2025-12-14 19:40:18.993] [CRITICO] [STARVATION] STARVATION detetada! Thread Thread-B está à espera há 16147ms pelo recurso R1 | Threads: [Thread-B] | Recursos: [R1]
[2025-12-14 19:40:18.994] [CRITICO] [STARVATION] STARVATION detetada! Thread Thread-A está à espera há 16148ms pelo recurso R2 | Threads: [Thread-A] | Recursos: [R2]
[2025-12-14 19:40:19.094] [CRITICO] [STARVATION] STARVATION detetada! Thread Thread-B está à espera há 16248ms pelo recurso R1 | Threads: [Thread-B] | Recursos: [R1]
[2025-12-14 19:40:19.096] [CRITICO] [STARVATION] STARVATION detetada! Thread Thread-A está à espera há 16250ms pelo recurso R2 | Threads: [Thread-A] | Recursos: [R2]
[2025-12-14 19:40:19.197] [CRITICO] [STARVATION] STARVATION detetada! Thread Thread-B está à espera há 16351ms pelo recurso R1 | Threads: [Thread-B] | Recursos: [R1]
[2025-12-14 19:40:19.198] [CRITICO] [STARVATION] STARVATION detetada! Thread Thread-A está à espera há 16352ms pelo recurso R2 | Threads: [Thread-A] | Recursos: [R2]
[2025-12-14 19:40:19.297] [CRITICO] [STARVATION] STARVATION detetada! Thread Thread-B está à espera há 16451ms pelo recurso R1 | Threads: [Thread-B] | Recursos: [R1]
[2025-12-14 19:40:19.298] [CRITICO] [STARVATION] STARVATION detetada! Thread Thread-A está à espera há 16452ms pelo recurso R2 | Threads: [Thread-A] | Recursos: [R2]
[2025-12-14 19:40:19.398] [CRITICO] [STARVATION] STARVATION detetada! Thread Thread-B está à espera há 16552ms pelo recurso R1 | Threads: [Thread-B] | Recursos: [R1]
[2025-12-14 19:40:19.400] [CRITICO] [STARVATION] STARVATION detetada! Thread Thread-A está à espera há 16554ms pelo recurso R2 | Threads: [Thread-A] | Recursos: [R2]
[2025-12-14 19:40:19.500] [CRITICO] [STARVATION] STARVATION detetada! Thread Thread-B está à espera há 16654ms pelo recurso R1 | Threads: [Thread-B] | Recursos: [R1]
[2025-12-14 19:40:19.502] [CRITICO] [STARVATION] STARVATION detetada! Thread Thread-A está à espera há 16656ms pelo recurso R2 | Threads: [Thread-A] | Recursos: [R2]
[2025-12-14 19:40:19.602] [CRITICO] [STARVATION] STARVATION detetada! Thread Thread-B está à espera há 16756ms pelo recurso R1 | Threads: [Thread-B] | Recursos: [R1]
[2025-12-14 19:40:19.604] [CRITICO] [STARVATION] STARVATION detetada! Thread Thread-A está à espera há 16758ms pelo recurso R2 | Threads: [Thread-A] | Recursos: [R2]
[2025-12-14 19:40:19.703] [CRITICO] [STARVATION] STARVATION detetada! Thread Thread-B está à espera há 16857ms pelo recurso R1 | Threads: [Thread-B] | Recursos: [R1]
[2025-12-14 19:40:19.705] [CRITICO] [STARVATION] STARVATION detetada! Thread Thread-A está à espera há 16859ms pelo recurso R2 | Threads: [Thread-A] | Recursos: [R2]
[2025-12-14 19:40:19.738] [CRITICO] [DEADLOCK_CONFIRMADO] DEADLOCK CONFIRMADO! Espera circular detetada entre threads. | Threads: [Thread-A,Thread-B] | Recursos: [R2,R1]
[2025-12-14 19:40:19.804] [CRITICO] [STARVATION] STARVATION detetada! Thread Thread-B está à espera há 16958ms pelo recurso R1 | Threads: [Thread-B] | Recursos: [R1]
[2025-12-14 19:40:19.806] [CRITICO] [STARVATION] STARVATION detetada! Thread Thread-A está à espera há 16960ms pelo recurso R2 | Threads: [Thread-A] | Recursos: [R2]
[2025-12-14 19:40:19.905] [CRITICO] [STARVATION] STARVATION detetada! Thread Thread-B está à espera há 17059ms pelo recurso R1 | Threads: [Thread-B] | Recursos: [R1]
[2025-12-14 19:40:19.908] [CRITICO] [STARVATION] STARVATION detetada! Thread Thread-A está à espera há 17062ms pelo recurso R2 | Threads: [Thread-A] | Recursos: [R2]
[2025-12-14 19:40:20.007] [CRITICO] [STARVATION] STARVATION detetada! Thread Thread-B está à espera há 17161ms pelo recurso R1 | Threads: [Thread-B] | Recursos: [R1]
[2025-12-14 19:40:20.008] [CRITICO] [STARVATION] STARVATION detetada! Thread Thread-A está à espera há 17162ms pelo recurso R2 | Threads: [Thread-A] | Recursos: [R2]
[2025-12-14 19:40:20.152] [CRITICO] [STARVATION] STARVATION detetada! Thread Thread-A está à espera há 17306ms pelo recurso R2 | Threads: [Thread-A] | Recursos: [R2]
[2025-12-14 19:40:20.152] [CRITICO] [STARVATION] STARVATION detetada! Thread Thread-B está à espera há 17306ms pelo recurso R1 | Threads: [Thread-B] | Recursos: [R1]
[2025-12-14 19:40:20.254] [CRITICO] [STARVATION] STARVATION detetada! Thread Thread-A está à espera há 17408ms pelo recurso R2 | Threads: [Thread-A] | Recursos: [R2]
[2025-12-14 19:40:20.254] [CRITICO] [STARVATION] STARVATION detetada! Thread Thread-B está à espera há 17408ms pelo recurso R1 | Threads: [Thread-B] | Recursos: [R1]
[2025-12-14 19:40:20.355] [CRITICO] [STARVATION] STARVATION detetada! Thread Thread-A está à espera há 17509ms pelo recurso R2 | Threads: [Thread-A] | Recursos: [R2]
[2025-12-14 19:40:20.356] [CRITICO] [STARVATION] STARVATION detetada! Thread Thread-B está à espera há 17510ms pelo recurso R1 | Threads: [Thread-B] | Recursos: [R1]
[2025-12-14 19:40:20.457] [CRITICO] [STARVATION] STARVATION detetada! Thread Thread-A está à espera há 17611ms pelo recurso R2 | Threads: [Thread-A] | Recursos: [R2]
[2025-12-14 19:40:20.457] [CRITICO] [STARVATION] STARVATION detetada! Thread Thread-B está à espera há 17611ms pelo recurso R1 | Threads: [Thread-B] | Recursos: [R1]
[2025-12-14 19:40:20.558] [CRITICO] [STARVATION] STARVATION detetada! Thread Thread-A está à espera há 17712ms pelo recurso R2 | Threads: [Thread-A] | Recursos: [R2]
[2025-12-14 19:40:20.558] [CRITICO] [STARVATION] STARVATION detetada! Thread Thread-B está à espera há 17712ms pelo recurso R1 | Threads: [Thread-B] | Recursos: [R1]
[2025-12-14 19:40:20.660] [CRITICO] [STARVATION] STARVATION detetada! Thread Thread-B está à espera há 17814ms pelo recurso R1 | Threads: [Thread-B] | Recursos: [R1]
[2025-12-14 19:40:20.660] [CRITICO] [STARVATION] STARVATION detetada! Thread Thread-A está à espera há 17814ms pelo recurso R2 | Threads: [Thread-A] | Recursos: [R2]
[2025-12-14 19:40:20.739] [CRITICO] [DEADLOCK_CONFIRMADO] DEADLOCK CONFIRMADO! Espera circular detetada entre threads. | Threads: [Thread-A,Thread-B] | Recursos: [R2,R1]
[2025-12-14 19:40:20.763] [CRITICO] [STARVATION] STARVATION detetada! Thread Thread-B está à espera há 17917ms pelo recurso R1 | Threads: [Thread-B] | Recursos: [R1]
[2025-12-14 19:40:20.763] [CRITICO] [STARVATION] STARVATION detetada! Thread Thread-A está à espera há 17917ms pelo recurso R2 | Threads: [Thread-A] | Recursos: [R2]
[2025-12-14 19:40:20.864] [CRITICO] [STARVATION] STARVATION detetada! Thread Thread-A está à espera há 18018ms pelo recurso R2 | Threads: [Thread-A] | Recursos: [R2]
[2025-12-14 19:40:20.864] [CRITICO] [STARVATION] STARVATION detetada! Thread Thread-B está à espera há 18018ms pelo recurso R1 | Threads: [Thread-B] | Recursos: [R1]
[2025-12-14 19:40:20.965] [CRITICO] [STARVATION] STARVATION detetada! Thread Thread-B está à espera há 18119ms pelo recurso R1 | Threads: [Thread-B] | Recursos: [R1]
[2025-12-14 19:40:20.965] [CRITICO] [STARVATION] STARVATION detetada! Thread Thread-A está à espera há 18119ms pelo recurso R2 | Threads: [Thread-A] | Recursos: [R2]
[2025-12-14 19:40:21.066] [CRITICO] [STARVATION] STARVATION detetada! Thread Thread-B está à espera há 18220ms pelo recurso R1 | Threads: [Thread-B] | Recursos: [R1]
[2025-12-14 19:40:21.066] [CRITICO] [STARVATION] STARVATION detetada! Thread Thread-A está à espera há 18220ms pelo recurso R2 | Threads: [Thread-A] | Recursos: [R2]
[2025-12-14 19:40:21.168] [CRITICO] [STARVATION] STARVATION detetada! Thread Thread-A está à espera há 18322ms pelo recurso R2 | Threads: [Thread-A] | Recursos: [R2]
[2025-12-14 19:40:21.168] [CRITICO] [STARVATION] STARVATION detetada! Thread Thread-B está à espera há 18322ms pelo recurso R1 | Threads: [Thread-B] | Recursos: [R1]
[2025-12-14 19:40:21.269] [CRITICO] [STARVATION] STARVATION detetada! Thread Thread-A está à espera há 18423ms pelo recurso R2 | Threads: [Thread-A] | Recursos: [R2]
[2025-12-14 19:40:21.271] [CRITICO] [STARVATION] STARVATION detetada! Thread Thread-B está à espera há 18425ms pelo recurso R1 | Threads: [Thread-B] | Recursos: [R1]
[2025-12-14 19:40:21.370] [CRITICO] [STARVATION] STARVATION detetada! Thread Thread-A está à espera há 18524ms pelo recurso R2 | Threads: [Thread-A] | Recursos: [R2]
[2025-12-14 19:40:21.372] [CRITICO] [STARVATION] STARVATION detetada! Thread Thread-B está à espera há 18526ms pelo recurso R1 | Threads: [Thread-B] | Recursos: [R1]
[2025-12-14 19:40:21.516] [CRITICO] [STARVATION] STARVATION detetada! Thread Thread-A está à espera há 18670ms pelo recurso R2 | Threads: [Thread-A] | Recursos: [R2]
[2025-12-14 19:40:21.517] [CRITICO] [STARVATION] STARVATION detetada! Thread Thread-B está à espera há 18671ms pelo recurso R1 | Threads: [Thread-B] | Recursos: [R1]
[2025-12-14 19:40:21.618] [CRITICO] [STARVATION] STARVATION detetada! Thread Thread-B está à espera há 18772ms pelo recurso R1 | Threads: [Thread-B] | Recursos: [R1]
[2025-12-14 19:40:21.618] [CRITICO] [STARVATION] STARVATION detetada! Thread Thread-A está à espera há 18772ms pelo recurso R2 | Threads: [Thread-A] | Recursos: [R2]
[2025-12-14 19:40:21.721] [CRITICO] [STARVATION] STARVATION detetada! Thread Thread-B está à espera há 18875ms pelo recurso R1 | Threads: [Thread-B] | Recursos: [R1]
[2025-12-14 19:40:21.721] [CRITICO] [STARVATION] STARVATION detetada! Thread Thread-A está à espera há 18875ms pelo recurso R2 | Threads: [Thread-A] | Recursos: [R2]
[2025-12-14 19:40:21.739] [CRITICO] [DEADLOCK_CONFIRMADO] DEADLOCK CONFIRMADO! Espera circular detetada entre threads. | Threads: [Thread-A,Thread-B] | Recursos: [R2,R1]
[2025-12-14 19:40:21.822] [CRITICO] [STARVATION] STARVATION detetada! Thread Thread-B está à espera há 18976ms pelo recurso R1 | Threads: [Thread-B] | Recursos: [R1]
[2025-12-14 19:40:21.823] [CRITICO] [STARVATION] STARVATION detetada! Thread Thread-A está à espera há 18977ms pelo recurso R2 | Threads: [Thread-A] | Recursos: [R2]
[2025-12-14 19:40:21.923] [CRITICO] [STARVATION] STARVATION detetada! Thread Thread-B está à espera há 19077ms pelo recurso R1 | Threads: [Thread-B] | Recursos: [R1]
[2025-12-14 19:40:21.924] [CRITICO] [STARVATION] STARVATION detetada! Thread Thread-A está à espera há 19078ms pelo recurso R2 | Threads: [Thread-A] | Recursos: [R2]
[2025-12-14 19:40:22.024] [CRITICO] [STARVATION] STARVATION detetada! Thread Thread-B está à espera há 19178ms pelo recurso R1 | Threads: [Thread-B] | Recursos: [R1]
[2025-12-14 19:40:22.026] [CRITICO] [STARVATION] STARVATION detetada! Thread Thread-A está à espera há 19180ms pelo recurso R2 | Threads: [Thread-A] | Recursos: [R2]
[2025-12-14 19:40:22.126] [CRITICO] [STARVATION] STARVATION detetada! Thread Thread-B está à espera há 19280ms pelo recurso R1 | Threads: [Thread-B] | Recursos: [R1]
[2025-12-14 19:40:22.127] [CRITICO] [STARVATION] STARVATION detetada! Thread Thread-A está à espera há 19281ms pelo recurso R2 | Threads: [Thread-A] | Recursos: [R2]
[2025-12-14 19:40:22.227] [CRITICO] [STARVATION] STARVATION detetada! Thread Thread-B está à espera há 19381ms pelo recurso R1 | Threads: [Thread-B] | Recursos: [R1]
[2025-12-14 19:40:22.228] [CRITICO] [STARVATION] STARVATION detetada! Thread Thread-A está à espera há 19382ms pelo recurso R2 | Threads: [Thread-A] | Recursos: [R2]
[2025-12-14 19:40:22.329] [CRITICO] [STARVATION] STARVATION detetada! Thread Thread-A está à espera há 19483ms pelo recurso R2 | Threads: [Thread-A] | Recursos: [R2]
[2025-12-14 19:40:22.329] [CRITICO] [STARVATION] STARVATION detetada! Thread Thread-B está à espera há 19483ms pelo recurso R1 | Threads: [Thread-B] | Recursos: [R1]
[2025-12-14 19:40:22.432] [CRITICO] [STARVATION] STARVATION detetada! Thread Thread-A está à espera há 19586ms pelo recurso R2 | Threads: [Thread-A] | Recursos: [R2]
[2025-12-14 19:40:22.432] [CRITICO] [STARVATION] STARVATION detetada! Thread Thread-B está à espera há 19586ms pelo recurso R1 | Threads: [Thread-B] | Recursos: [R1]
[2025-12-14 19:40:22.533] [CRITICO] [STARVATION] STARVATION detetada! Thread Thread-B está à espera há 19687ms pelo recurso R1 | Threads: [Thread-B] | Recursos: [R1]
[2025-12-14 19:40:22.533] [CRITICO] [STARVATION] STARVATION detetada! Thread Thread-A está à espera há 19687ms pelo recurso R2 | Threads: [Thread-A] | Recursos: [R2]
[2025-12-14 19:40:22.634] [CRITICO] [STARVATION] STARVATION detetada! Thread Thread-A está à espera há 19788ms pelo recurso R2 | Threads: [Thread-A] | Recursos: [R2]
[2025-12-14 19:40:22.634] [CRITICO] [STARVATION] STARVATION detetada! Thread Thread-B está à espera há 19788ms pelo recurso R1 | Threads: [Thread-B] | Recursos: [R1]
[2025-12-14 19:40:22.736] [CRITICO] [STARVATION] STARVATION detetada! Thread Thread-A está à espera há 19890ms pelo recurso R2 | Threads: [Thread-A] | Recursos: [R2]
[2025-12-14 19:40:22.736] [CRITICO] [STARVATION] STARVATION detetada! Thread Thread-B está à espera há 19890ms pelo recurso R1 | Threads: [Thread-B] | Recursos: [R1]
[2025-12-14 19:40:22.741] [CRITICO] [DEADLOCK_CONFIRMADO] DEADLOCK CONFIRMADO! Espera circular detetada entre threads. | Threads: [Thread-A,Thread-B] | Recursos: [R2,R1]
[2025-12-14 19:40:37.954] [CRITICO] [STARVATION] STARVATION detetada! Thread Thread-Vitima-1 está à espera há 5022ms pelo recurso RecursoCritico | Threads: [Thread-Vitima-1] | Recursos: [RecursoCritico]
[2025-12-14 19:40:37.954] [CRITICO] [STARVATION] STARVATION detetada! Thread Thread-Vitima-3 está à espera há 5022ms pelo recurso RecursoCritico | Threads: [Thread-Vitima-3] | Recursos: [RecursoCritico]
[2025-12-14 19:40:38.055] [CRITICO] [STARVATION] STARVATION detetada! Thread Thread-Vitima-1 está à espera há 5123ms pelo recurso RecursoCritico | Threads: [Thread-Vitima-1] | Recursos: [RecursoCritico]
[2025-12-14 19:40:38.056] [CRITICO] [STARVATION] STARVATION detetada! Thread Thread-Vitima-3 está à espera há 5124ms pelo recurso RecursoCritico | Threads: [Thread-Vitima-3] | Recursos: [RecursoCritico]
[2025-12-14 19:40:38.157] [CRITICO] [STARVATION] STARVATION detetada! Thread Thread-Vitima-3 está à espera há 5225ms pelo recurso RecursoCritico | Threads: [Thread-Vitima-3] | Recursos: [RecursoCritico]
[2025-12-14 19:40:38.158] [CRITICO] [STARVATION] STARVATION detetada! Thread Thread-Vitima-1 está à espera há 5226ms pelo recurso RecursoCritico | Threads: [Thread-Vitima-1] | Recursos: [RecursoCritico]
[2025-12-14 19:40:38.260] [CRITICO] [STARVATION] STARVATION detetada! Thread Thread-Vitima-1 está à espera há 5328ms pelo recurso RecursoCritico | Threads: [Thread-Vitima-1] | Recursos: [RecursoCritico]
[2025-12-14 19:40:38.260] [CRITICO] [STARVATION] STARVATION detetada! Thread Thread-Vitima-3 está à espera há 5328ms pelo recurso RecursoCritico | Threads: [Thread-Vitima-3] | Recursos: [RecursoCritico]
[2025-12-14 19:40:38.362] [CRITICO] [STARVATION] STARVATION detetada! Thread Thread-Vitima-1 está à espera há 5430ms pelo recurso RecursoCritico | Threads: [Thread-Vitima-1] | Recursos: [RecursoCritico]
[2025-12-14 19:40:38.362] [CRITICO] [STARVATION] STARVATION detetada! Thread Thread-Vitima-3 está à espera há 5430ms pelo recurso RecursoCritico | Threads: [Thread-Vitima-3] | Recursos: [RecursoCritico]
[2025-12-14 19:40:38.463] [CRITICO] [STARVATION] STARVATION detetada! Thread Thread-Vitima-3 está à espera há 5531ms pelo recurso RecursoCritico | Threads: [Thread-Vitima-3] | Recursos: [RecursoCritico]
[2025-12-14 19:40:38.473] [CRITICO] [STARVATION] STARVATION detetada! Thread Thread-Vitima-1 está à espera há 5541ms pelo recurso RecursoCritico | Threads: [Thread-Vitima-1] | Recursos: [RecursoCritico]
[2025-12-14 19:40:38.574] [CRITICO] [STARVATION] STARVATION detetada! Thread Thread-Vitima-1 está à espera há 5642ms pelo recurso RecursoCritico | Threads: [Thread-Vitima-1] | Recursos: [RecursoCritico]
[2025-12-14 19:40:38.574] [CRITICO] [STARVATION] STARVATION detetada! Thread Thread-Vitima-3 está à espera há 5642ms pelo recurso RecursoCritico | Threads: [Thread-Vitima-3] | Recursos: [RecursoCritico]
[2025-12-14 19:40:38.676] [CRITICO] [STARVATION] STARVATION detetada! Thread Thread-Vitima-1 está à espera há 5744ms pelo recurso RecursoCritico | Threads: [Thread-Vitima-1] | Recursos: [RecursoCritico]
[2025-12-14 19:40:38.676] [CRITICO] [STARVATION] STARVATION detetada! Thread Thread-Vitima-3 está à espera há 5744ms pelo recurso RecursoCritico | Threads: [Thread-Vitima-3] | Recursos: [RecursoCritico]
[2025-12-14 19:40:38.778] [CRITICO] [STARVATION] STARVATION detetada! Thread Thread-Vitima-1 está à espera há 5846ms pelo recurso RecursoCritico | Threads: [Thread-Vitima-1] | Recursos: [RecursoCritico]
[2025-12-14 19:40:38.779] [CRITICO] [STARVATION] STARVATION detetada! Thread Thread-Vitima-3 está à espera há 5846ms pelo recurso RecursoCritico | Threads: [Thread-Vitima-3] | Recursos: [RecursoCritico]
[2025-12-14 19:40:38.879] [CRITICO] [STARVATION] STARVATION detetada! Thread Thread-Vitima-1 está à espera há 5947ms pelo recurso RecursoCritico | Threads: [Thread-Vitima-1] | Recursos: [RecursoCritico]
[2025-12-14 19:40:38.881] [CRITICO] [STARVATION] STARVATION detetada! Thread Thread-Vitima-3 está à espera há 5949ms pelo recurso RecursoCritico | Threads: [Thread-Vitima-3] | Recursos: [RecursoCritico]
[2025-12-14 19:40:38.938] [CRITICO] [STARVATION] STARVATION detetada! Thread Thread-Vitima-3 está à espera há 6006ms pelo recurso RecursoCritico | Threads: [Thread-Vitima-3] | Recursos: [RecursoCritico]
