═══════════════════════════════════════════════════════════════
    LOG DE ALERTAS DE SEGURANÇA - Monitor eBPF
    Iniciado em: 2025-12-14 19:38:27
═══════════════════════════════════════════════════════════════

[2025-12-14 19:38:38.882] [PERIGO] [DEADLOCK_POTENCIAL] DEADLOCK POTENCIAL! Threads vão adquirir recursos em ordem diferente - risco de espera circular | Threads: [Thread-A,Thread-B] | Recursos: [R1,R2]
[2025-12-14 19:38:39.434] [CRITICO] [DEADLOCK_CONFIRMADO] DEADLOCK CONFIRMADO! Espera circular detetada entre threads. | Threads: [Thread-A,Thread-B] | Recursos: [R2,R1]
[2025-12-14 19:38:40.437] [CRITICO] [DEADLOCK_CONFIRMADO] DEADLOCK CONFIRMADO! Espera circular detetada entre threads. | Threads: [Thread-A,Thread-B] | Recursos: [R2,R1]
[2025-12-14 19:38:41.439] [CRITICO] [DEADLOCK_CONFIRMADO] DEADLOCK CONFIRMADO! Espera circular detetada entre threads. | Threads: [Thread-A,Thread-B] | Recursos: [R2,R1]
[2025-12-14 19:38:42.443] [CRITICO] [DEADLOCK_CONFIRMADO] DEADLOCK CONFIRMADO! Espera circular detetada entre threads. | Threads: [Thread-A,Thread-B] | Recursos: [R2,R1]
[2025-12-14 19:38:43.446] [CRITICO] [DEADLOCK_CONFIRMADO] DEADLOCK CONFIRMADO! Espera circular detetada entre threads. | Threads: [Thread-A,Thread-B] | Recursos: [R2,R1]
[2025-12-14 19:38:44.099] [CRITICO] [STARVATION] STARVATION detetada! Thread Thread-A está à espera há 5051ms pelo recurso R2 | Threads: [Thread-A] | Recursos: [R2]
[2025-12-14 19:38:44.100] [CRITICO] [STARVATION] STARVATION detetada! Thread Thread-B está à espera há 5052ms pelo recurso R1 | Threads: [Thread-B] | Recursos: [R1]
[2025-12-14 19:38:44.202] [CRITICO] [STARVATION] STARVATION detetada! Thread Thread-B está à espera há 5164ms pelo recurso R1 | Threads: [Thread-B] | Recursos: [R1]
[2025-12-14 19:38:44.202] [CRITICO] [STARVATION] STARVATION detetada! Thread Thread-A está à espera há 5165ms pelo recurso R2 | Threads: [Thread-A] | Recursos: [R2]
[2025-12-14 19:38:44.306] [CRITICO] [STARVATION] STARVATION detetada! Thread Thread-B está à espera há 5268ms pelo recurso R1 | Threads: [Thread-B] | Recursos: [R1]
[2025-12-14 19:38:44.306] [CRITICO] [STARVATION] STARVATION detetada! Thread Thread-A está à espera há 5269ms pelo recurso R2 | Threads: [Thread-A] | Recursos: [R2]
[2025-12-14 19:38:44.409] [CRITICO] [STARVATION] STARVATION detetada! Thread Thread-B está à espera há 5371ms pelo recurso R1 | Threads: [Thread-B] | Recursos: [R1]
[2025-12-14 19:38:44.410] [CRITICO] [STARVATION] STARVATION detetada! Thread Thread-A está à espera há 5373ms pelo recurso R2 | Threads: [Thread-A] | Recursos: [R2]
[2025-12-14 19:38:44.448] [CRITICO] [DEADLOCK_CONFIRMADO] DEADLOCK CONFIRMADO! Espera circular detetada entre threads. | Threads: [Thread-A,Thread-B] | Recursos: [R2,R1]
[2025-12-14 19:38:44.512] [CRITICO] [STARVATION] STARVATION detetada! Thread Thread-A está à espera há 5475ms pelo recurso R2 | Threads: [Thread-A] | Recursos: [R2]
[2025-12-14 19:38:44.512] [CRITICO] [STARVATION] STARVATION detetada! Thread Thread-B está à espera há 5474ms pelo recurso R1 | Threads: [Thread-B] | Recursos: [R1]
[2025-12-14 19:38:44.616] [CRITICO] [STARVATION] STARVATION detetada! Thread Thread-B está à espera há 5578ms pelo recurso R1 | Threads: [Thread-B] | Recursos: [R1]
[2025-12-14 19:38:44.616] [CRITICO] [STARVATION] STARVATION detetada! Thread Thread-A está à espera há 5579ms pelo recurso R2 | Threads: [Thread-A] | Recursos: [R2]
[2025-12-14 19:38:44.727] [CRITICO] [STARVATION] STARVATION detetada! Thread Thread-B está à espera há 5689ms pelo recurso R1 | Threads: [Thread-B] | Recursos: [R1]
[2025-12-14 19:38:44.729] [CRITICO] [STARVATION] STARVATION detetada! Thread Thread-A está à espera há 5692ms pelo recurso R2 | Threads: [Thread-A] | Recursos: [R2]
[2025-12-14 19:38:44.831] [CRITICO] [STARVATION] STARVATION detetada! Thread Thread-B está à espera há 5793ms pelo recurso R1 | Threads: [Thread-B] | Recursos: [R1]
[2025-12-14 19:38:44.831] [CRITICO] [STARVATION] STARVATION detetada! Thread Thread-A está à espera há 5794ms pelo recurso R2 | Threads: [Thread-A] | Recursos: [R2]
[2025-12-14 19:38:44.934] [CRITICO] [STARVATION] STARVATION detetada! Thread Thread-A está à espera há 5897ms pelo recurso R2 | Threads: [Thread-A] | Recursos: [R2]
[2025-12-14 19:38:44.936] [CRITICO] [STARVATION] STARVATION detetada! Thread Thread-B está à espera há 5898ms pelo recurso R1 | Threads: [Thread-B] | Recursos: [R1]
[2025-12-14 19:38:45.037] [CRITICO] [STARVATION] STARVATION detetada! Thread Thread-A está à espera há 6000ms pelo recurso R2 | Threads: [Thread-A] | Recursos: [R2]
[2025-12-14 19:38:45.039] [CRITICO] [STARVATION] STARVATION detetada! Thread Thread-B está à espera há 6001ms pelo recurso R1 | Threads: [Thread-B] | Recursos: [R1]
[2025-12-14 19:38:45.142] [CRITICO] [STARVATION] STARVATION detetada! Thread Thread-A está à espera há 6105ms pelo recurso R2 | Threads: [Thread-A] | Recursos: [R2]
[2025-12-14 19:38:45.143] [CRITICO] [STARVATION] STARVATION detetada! Thread Thread-B está à espera há 6105ms pelo recurso R1 | Threads: [Thread-B] | Recursos: [R1]
[2025-12-14 19:38:45.244] [CRITICO] [STARVATION] STARVATION detetada! Thread Thread-A está à espera há 6207ms pelo recurso R2 | Threads: [Thread-A] | Recursos: [R2]
[2025-12-14 19:38:45.246] [CRITICO] [STARVATION] STARVATION detetada! Thread Thread-B está à espera há 6208ms pelo recurso R1 | Threads: [Thread-B] | Recursos: [R1]
[2025-12-14 19:38:45.348] [CRITICO] [STARVATION] STARVATION detetada! Thread Thread-A está à espera há 6311ms pelo recurso R2 | Threads: [Thread-A] | Recursos: [R2]
[2025-12-14 19:38:45.350] [CRITICO] [STARVATION] STARVATION detetada! Thread Thread-B está à espera há 6312ms pelo recurso R1 | Threads: [Thread-B] | Recursos: [R1]
[2025-12-14 19:38:45.449] [CRITICO] [STARVATION] STARVATION detetada! Thread Thread-A está à espera há 6412ms pelo recurso R2 | Threads: [Thread-A] | Recursos: [R2]
[2025-12-14 19:38:45.450] [CRITICO] [DEADLOCK_CONFIRMADO] DEADLOCK CONFIRMADO! Espera circular detetada entre threads. | Threads: [Thread-A,Thread-B] | Recursos: [R2,R1]
[2025-12-14 19:38:45.452] [CRITICO] [STARVATION] STARVATION detetada! Thread Thread-B está à espera há 6414ms pelo recurso R1 | Threads: [Thread-B] | Recursos: [R1]
[2025-12-14 19:38:45.552] [CRITICO] [STARVATION] STARVATION detetada! Thread Thread-A está à espera há 6515ms pelo recurso R2 | Threads: [Thread-A] | Recursos: [R2]
[2025-12-14 19:38:45.556] [CRITICO] [STARVATION] STARVATION detetada! Thread Thread-B está à espera há 6518ms pelo recurso R1 | Threads: [Thread-B] | Recursos: [R1]
[2025-12-14 19:38:45.654] [CRITICO] [STARVATION] STARVATION detetada! Thread Thread-A está à espera há 6617ms pelo recurso R2 | Threads: [Thread-A] | Recursos: [R2]
[2025-12-14 19:38:45.657] [CRITICO] [STARVATION] STARVATION detetada! Thread Thread-B está à espera há 6619ms pelo recurso R1 | Threads: [Thread-B] | Recursos: [R1]
[2025-12-14 19:38:45.755] [CRITICO] [STARVATION] STARVATION detetada! Thread Thread-A está à espera há 6718ms pelo recurso R2 | Threads: [Thread-A] | Recursos: [R2]
[2025-12-14 19:38:45.757] [CRITICO] [STARVATION] STARVATION detetada! Thread Thread-B está à espera há 6719ms pelo recurso R1 | Threads: [Thread-B] | Recursos: [R1]
[2025-12-14 19:38:45.857] [CRITICO] [STARVATION] STARVATION detetada! Thread Thread-A está à espera há 6820ms pelo recurso R2 | Threads: [Thread-A] | Recursos: [R2]
[2025-12-14 19:38:45.861] [CRITICO] [STARVATION] STARVATION detetada! Thread Thread-B está à espera há 6823ms pelo recurso R1 | Threads: [Thread-B] | Recursos: [R1]
[2025-12-14 19:38:45.960] [CRITICO] [STARVATION] STARVATION detetada! Thread Thread-A está à espera há 6923ms pelo recurso R2 | Threads: [Thread-A] | Recursos: [R2]
[2025-12-14 19:38:45.964] [CRITICO] [STARVATION] STARVATION detetada! Thread Thread-B está à espera há 6926ms pelo recurso R1 | Threads: [Thread-B] | Recursos: [R1]
[2025-12-14 19:38:46.099] [CRITICO] [STARVATION] STARVATION detetada! Thread Thread-A está à espera há 7062ms pelo recurso R2 | Threads: [Thread-A] | Recursos: [R2]
[2025-12-14 19:38:46.099] [CRITICO] [STARVATION] STARVATION detetada! Thread Thread-B está à espera há 7061ms pelo recurso R1 | Threads: [Thread-B] | Recursos: [R1]
[2025-12-14 19:38:46.201] [CRITICO] [STARVATION] STARVATION detetada! Thread Thread-A está à espera há 7164ms pelo recurso R2 | Threads: [Thread-A] | Recursos: [R2]
[2025-12-14 19:38:46.203] [CRITICO] [STARVATION] STARVATION detetada! Thread Thread-B está à espera há 7165ms pelo recurso R1 | Threads: [Thread-B] | Recursos: [R1]
[2025-12-14 19:38:46.303] [CRITICO] [STARVATION] STARVATION detetada! Thread Thread-A está à espera há 7266ms pelo recurso R2 | Threads: [Thread-A] | Recursos: [R2]
[2025-12-14 19:38:46.305] [CRITICO] [STARVATION] STARVATION detetada! Thread Thread-B está à espera há 7267ms pelo recurso R1 | Threads: [Thread-B] | Recursos: [R1]
[2025-12-14 19:38:46.406] [CRITICO] [STARVATION] STARVATION detetada! Thread Thread-A está à espera há 7369ms pelo recurso R2 | Threads: [Thread-A] | Recursos: [R2]
[2025-12-14 19:38:46.408] [CRITICO] [STARVATION] STARVATION detetada! Thread Thread-B está à espera há 7370ms pelo recurso R1 | Threads: [Thread-B] | Recursos: [R1]
[2025-12-14 19:38:46.453] [CRITICO] [DEADLOCK_CONFIRMADO] DEADLOCK CONFIRMADO! Espera circular detetada entre threads. | Threads: [Thread-A,Thread-B] | Recursos: [R2,R1]
[2025-12-14 19:38:46.508] [CRITICO] [STARVATION] STARVATION detetada! Thread Thread-A está à espera há 7471ms pelo recurso R2 | Threads: [Thread-A] | Recursos: [R2]
[2025-12-14 19:38:46.509] [CRITICO] [STARVATION] STARVATION detetada! Thread Thread-B está à espera há 7471ms pelo recurso R1 | Threads: [Thread-B] | Recursos: [R1]
[2025-12-14 19:38:46.610] [CRITICO] [STARVATION] STARVATION detetada! Thread Thread-A está à espera há 7573ms pelo recurso R2 | Threads: [Thread-A] | Recursos: [R2]
[2025-12-14 19:38:46.612] [CRITICO] [STARVATION] STARVATION detetada! Thread Thread-B está à espera há 7574ms pelo recurso R1 | Threads: [Thread-B] | Recursos: [R1]
[2025-12-14 19:38:46.712] [CRITICO] [STARVATION] STARVATION detetada! Thread Thread-A está à espera há 7675ms pelo recurso R2 | Threads: [Thread-A] | Recursos: [R2]
[2025-12-14 19:38:46.714] [CRITICO] [STARVATION] STARVATION detetada! Thread Thread-B está à espera há 7676ms pelo recurso R1 | Threads: [Thread-B] | Recursos: [R1]
[2025-12-14 19:38:46.814] [CRITICO] [STARVATION] STARVATION detetada! Thread Thread-A está à espera há 7777ms pelo recurso R2 | Threads: [Thread-A] | Recursos: [R2]
[2025-12-14 19:38:46.816] [CRITICO] [STARVATION] STARVATION detetada! Thread Thread-B está à espera há 7778ms pelo recurso R1 | Threads: [Thread-B] | Recursos: [R1]
[2025-12-14 19:38:46.916] [CRITICO] [STARVATION] STARVATION detetada! Thread Thread-A está à espera há 7879ms pelo recurso R2 | Threads: [Thread-A] | Recursos: [R2]
[2025-12-14 19:38:46.920] [CRITICO] [STARVATION] STARVATION detetada! Thread Thread-B está à espera há 7881ms pelo recurso R1 | Threads: [Thread-B] | Recursos: [R1]
[2025-12-14 19:38:47.022] [CRITICO] [STARVATION] STARVATION detetada! Thread Thread-A está à espera há 7985ms pelo recurso R2 | Threads: [Thread-A] | Recursos: [R2]
[2025-12-14 19:38:47.022] [CRITICO] [STARVATION] STARVATION detetada! Thread Thread-B está à espera há 7984ms pelo recurso R1 | Threads: [Thread-B] | Recursos: [R1]
[2025-12-14 19:38:47.125] [CRITICO] [STARVATION] STARVATION detetada! Thread Thread-B está à espera há 8087ms pelo recurso R1 | Threads: [Thread-B] | Recursos: [R1]
[2025-12-14 19:38:47.125] [CRITICO] [STARVATION] STARVATION detetada! Thread Thread-A está à espera há 8088ms pelo recurso R2 | Threads: [Thread-A] | Recursos: [R2]
[2025-12-14 19:38:47.227] [CRITICO] [STARVATION] STARVATION detetada! Thread Thread-B está à espera há 8189ms pelo recurso R1 | Threads: [Thread-B] | Recursos: [R1]
[2025-12-14 19:38:47.227] [CRITICO] [STARVATION] STARVATION detetada! Thread Thread-A está à espera há 8190ms pelo recurso R2 | Threads: [Thread-A] | Recursos: [R2]
[2025-12-14 19:38:47.329] [CRITICO] [STARVATION] STARVATION detetada! Thread Thread-B está à espera há 8291ms pelo recurso R1 | Threads: [Thread-B] | Recursos: [R1]
[2025-12-14 19:38:47.330] [CRITICO] [STARVATION] STARVATION detetada! Thread Thread-A está à espera há 8293ms pelo recurso R2 | Threads: [Thread-A] | Recursos: [R2]
[2025-12-14 19:38:47.455] [CRITICO] [DEADLOCK_CONFIRMADO] DEADLOCK CONFIRMADO! Espera circular detetada entre threads. | Threads: [Thread-A,Thread-B] | Recursos: [R2,R1]
[2025-12-14 19:38:47.464] [CRITICO] [STARVATION] STARVATION detetada! Thread Thread-A está à espera há 8427ms pelo recurso R2 | Threads: [Thread-A] | Recursos: [R2]
[2025-12-14 19:38:47.464] [CRITICO] [STARVATION] STARVATION detetada! Thread Thread-B está à espera há 8426ms pelo recurso R1 | Threads: [Thread-B] | Recursos: [R1]
[2025-12-14 19:38:47.565] [CRITICO] [STARVATION] STARVATION detetada! Thread Thread-A está à espera há 8528ms pelo recurso R2 | Threads: [Thread-A] | Recursos: [R2]
[2025-12-14 19:38:47.565] [CRITICO] [STARVATION] STARVATION detetada! Thread Thread-B está à espera há 8527ms pelo recurso R1 | Threads: [Thread-B] | Recursos: [R1]
[2025-12-14 19:38:47.670] [CRITICO] [STARVATION] STARVATION detetada! Thread Thread-B está à espera há 8632ms pelo recurso R1 | Threads: [Thread-B] | Recursos: [R1]
[2025-12-14 19:38:47.670] [CRITICO] [STARVATION] STARVATION detetada! Thread Thread-A está à espera há 8633ms pelo recurso R2 | Threads: [Thread-A] | Recursos: [R2]
[2025-12-14 19:38:47.772] [CRITICO] [STARVATION] STARVATION detetada! Thread Thread-B está à espera há 8734ms pelo recurso R1 | Threads: [Thread-B] | Recursos: [R1]
[2025-12-14 19:38:47.774] [CRITICO] [STARVATION] STARVATION detetada! Thread Thread-A está à espera há 8737ms pelo recurso R2 | Threads: [Thread-A] | Recursos: [R2]
[2025-12-14 19:38:47.873] [CRITICO] [STARVATION] STARVATION detetada! Thread Thread-B está à espera há 8835ms pelo recurso R1 | Threads: [Thread-B] | Recursos: [R1]
[2025-12-14 19:38:47.875] [CRITICO] [STARVATION] STARVATION detetada! Thread Thread-A está à espera há 8838ms pelo recurso R2 | Threads: [Thread-A] | Recursos: [R2]
[2025-12-14 19:38:47.974] [CRITICO] [STARVATION] STARVATION detetada! Thread Thread-B está à espera há 8936ms pelo recurso R1 | Threads: [Thread-B] | Recursos: [R1]
[2025-12-14 19:38:47.976] [CRITICO] [STARVATION] STARVATION detetada! Thread Thread-A está à espera há 8939ms pelo recurso R2 | Threads: [Thread-A] | Recursos: [R2]
[2025-12-14 19:38:48.077] [CRITICO] [STARVATION] STARVATION detetada! Thread Thread-A está à espera há 9040ms pelo recurso R2 | Threads: [Thread-A] | Recursos: [R2]
[2025-12-14 19:38:48.077] [CRITICO] [STARVATION] STARVATION detetada! Thread Thread-B está à espera há 9039ms pelo recurso R1 | Threads: [Thread-B] | Recursos: [R1]
[2025-12-14 19:38:48.179] [CRITICO] [STARVATION] STARVATION detetada! Thread Thread-B está à espera há 9141ms pelo recurso R1 | Threads: [Thread-B] | Recursos: [R1]
[2025-12-14 19:38:48.179] [CRITICO] [STARVATION] STARVATION detetada! Thread Thread-A está à espera há 9142ms pelo recurso R2 | Threads: [Thread-A] | Recursos: [R2]
[2025-12-14 19:38:48.282] [CRITICO] [STARVATION] STARVATION detetada! Thread Thread-B está à espera há 9244ms pelo recurso R1 | Threads: [Thread-B] | Recursos: [R1]
[2025-12-14 19:38:48.282] [CRITICO] [STARVATION] STARVATION detetada! Thread Thread-A está à espera há 9245ms pelo recurso R2 | Threads: [Thread-A] | Recursos: [R2]
[2025-12-14 19:38:48.384] [CRITICO] [STARVATION] STARVATION detetada! Thread Thread-B está à espera há 9346ms pelo recurso R1 | Threads: [Thread-B] | Recursos: [R1]
[2025-12-14 19:38:48.386] [CRITICO] [STARVATION] STARVATION detetada! Thread Thread-A está à espera há 9349ms pelo recurso R2 | Threads: [Thread-A] | Recursos: [R2]
[2025-12-14 19:38:48.456] [CRITICO] [DEADLOCK_CONFIRMADO] DEADLOCK CONFIRMADO! Espera circular detetada entre threads. | Threads: [Thread-A,Thread-B] | Recursos: [R2,R1]
[2025-12-14 19:38:48.485] [CRITICO] [STARVATION] STARVATION detetada! Thread Thread-B está à espera há 9447ms pelo recurso R1 | Threads: [Thread-B] | Recursos: [R1]
[2025-12-14 19:38:48.487] [CRITICO] [STARVATION] STARVATION detetada! Thread Thread-A está à espera há 9450ms pelo recurso R2 | Threads: [Thread-A] | Recursos: [R2]
[2025-12-14 19:38:48.586] [CRITICO] [STARVATION] STARVATION detetada! Thread Thread-B está à espera há 9548ms pelo recurso R1 | Threads: [Thread-B] | Recursos: [R1]
[2025-12-14 19:38:48.587] [CRITICO] [STARVATION] STARVATION detetada! Thread Thread-A está à espera há 9550ms pelo recurso R2 | Threads: [Thread-A] | Recursos: [R2]
[2025-12-14 19:38:48.689] [CRITICO] [STARVATION] STARVATION detetada! Thread Thread-B está à espera há 9651ms pelo recurso R1 | Threads: [Thread-B] | Recursos: [R1]
[2025-12-14 19:38:48.690] [CRITICO] [STARVATION] STARVATION detetada! Thread Thread-A está à espera há 9653ms pelo recurso R2 | Threads: [Thread-A] | Recursos: [R2]
[2025-12-14 19:38:48.825] [CRITICO] [STARVATION] STARVATION detetada! Thread Thread-B está à espera há 9787ms pelo recurso R1 | Threads: [Thread-B] | Recursos: [R1]
[2025-12-14 19:38:48.825] [CRITICO] [STARVATION] STARVATION detetada! Thread Thread-A está à espera há 9788ms pelo recurso R2 | Threads: [Thread-A] | Recursos: [R2]
[2025-12-14 19:38:48.926] [CRITICO] [STARVATION] STARVATION detetada! Thread Thread-A está à espera há 9889ms pelo recurso R2 | Threads: [Thread-A] | Recursos: [R2]
[2025-12-14 19:38:48.926] [CRITICO] [STARVATION] STARVATION detetada! Thread Thread-B está à espera há 9888ms pelo recurso R1 | Threads: [Thread-B] | Recursos: [R1]
[2025-12-14 19:38:49.027] [CRITICO] [STARVATION] STARVATION detetada! Thread Thread-B está à espera há 9989ms pelo recurso R1 | Threads: [Thread-B] | Recursos: [R1]
[2025-12-14 19:38:49.027] [CRITICO] [STARVATION] STARVATION detetada! Thread Thread-A está à espera há 9990ms pelo recurso R2 | Threads: [Thread-A] | Recursos: [R2]
[2025-12-14 19:38:49.128] [CRITICO] [STARVATION] STARVATION detetada! Thread Thread-B está à espera há 10090ms pelo recurso R1 | Threads: [Thread-B] | Recursos: [R1]
[2025-12-14 19:38:49.128] [CRITICO] [STARVATION] STARVATION detetada! Thread Thread-A está à espera há 10091ms pelo recurso R2 | Threads: [Thread-A] | Recursos: [R2]
[2025-12-14 19:38:49.229] [CRITICO] [STARVATION] STARVATION detetada! Thread Thread-A está à espera há 10192ms pelo recurso R2 | Threads: [Thread-A] | Recursos: [R2]
[2025-12-14 19:38:49.229] [CRITICO] [STARVATION] STARVATION detetada! Thread Thread-B está à espera há 10191ms pelo recurso R1 | Threads: [Thread-B] | Recursos: [R1]
[2025-12-14 19:38:49.332] [CRITICO] [STARVATION] STARVATION detetada! Thread Thread-B está à espera há 10294ms pelo recurso R1 | Threads: [Thread-B] | Recursos: [R1]
[2025-12-14 19:38:49.332] [CRITICO] [STARVATION] STARVATION detetada! Thread Thread-A está à espera há 10295ms pelo recurso R2 | Threads: [Thread-A] | Recursos: [R2]
[2025-12-14 19:38:49.435] [CRITICO] [STARVATION] STARVATION detetada! Thread Thread-A está à espera há 10398ms pelo recurso R2 | Threads: [Thread-A] | Recursos: [R2]
[2025-12-14 19:38:49.435] [CRITICO] [STARVATION] STARVATION detetada! Thread Thread-B está à espera há 10397ms pelo recurso R1 | Threads: [Thread-B] | Recursos: [R1]
[2025-12-14 19:38:49.457] [CRITICO] [DEADLOCK_CONFIRMADO] DEADLOCK CONFIRMADO! Espera circular detetada entre threads. | Threads: [Thread-A,Thread-B] | Recursos: [R2,R1]
[2025-12-14 19:38:49.536] [CRITICO] [STARVATION] STARVATION detetada! Thread Thread-B está à espera há 10498ms pelo recurso R1 | Threads: [Thread-B] | Recursos: [R1]
[2025-12-14 19:38:49.536] [CRITICO] [STARVATION] STARVATION detetada! Thread Thread-A está à espera há 10499ms pelo recurso R2 | Threads: [Thread-A] | Recursos: [R2]
[2025-12-14 19:38:49.638] [CRITICO] [STARVATION] STARVATION detetada! Thread Thread-B está à espera há 10600ms pelo recurso R1 | Threads: [Thread-B] | Recursos: [R1]
[2025-12-14 19:38:49.639] [CRITICO] [STARVATION] STARVATION detetada! Thread Thread-A está à espera há 10602ms pelo recurso R2 | Threads: [Thread-A] | Recursos: [R2]
[2025-12-14 19:38:49.739] [CRITICO] [STARVATION] STARVATION detetada! Thread Thread-B está à espera há 10701ms pelo recurso R1 | Threads: [Thread-B] | Recursos: [R1]
[2025-12-14 19:38:49.739] [CRITICO] [STARVATION] STARVATION detetada! Thread Thread-A está à espera há 10702ms pelo recurso R2 | Threads: [Thread-A] | Recursos: [R2]
[2025-12-14 19:38:49.841] [CRITICO] [STARVATION] STARVATION detetada! Thread Thread-B está à espera há 10803ms pelo recurso R1 | Threads: [Thread-B] | Recursos: [R1]
[2025-12-14 19:38:49.842] [CRITICO] [STARVATION] STARVATION detetada! Thread Thread-A está à espera há 10805ms pelo recurso R2 | Threads: [Thread-A] | Recursos: [R2]
[2025-12-14 19:38:49.943] [CRITICO] [STARVATION] STARVATION detetada! Thread Thread-A está à espera há 10906ms pelo recurso R2 | Threads: [Thread-A] | Recursos: [R2]
[2025-12-14 19:38:49.943] [CRITICO] [STARVATION] STARVATION detetada! Thread Thread-B está à espera há 10905ms pelo recurso R1 | Threads: [Thread-B] | Recursos: [R1]
[2025-12-14 19:38:50.044] [CRITICO] [STARVATION] STARVATION detetada! Thread Thread-A está à espera há 11007ms pelo recurso R2 | Threads: [Thread-A] | Recursos: [R2]
[2025-12-14 19:38:50.044] [CRITICO] [STARVATION] STARVATION detetada! Thread Thread-B está à espera há 11006ms pelo recurso R1 | Threads: [Thread-B] | Recursos: [R1]
[2025-12-14 19:38:50.176] [CRITICO] [STARVATION] STARVATION detetada! Thread Thread-B está à espera há 11138ms pelo recurso R1 | Threads: [Thread-B] | Recursos: [R1]
[2025-12-14 19:38:50.176] [CRITICO] [STARVATION] STARVATION detetada! Thread Thread-A está à espera há 11139ms pelo recurso R2 | Threads: [Thread-A] | Recursos: [R2]
[2025-12-14 19:38:50.277] [CRITICO] [STARVATION] STARVATION detetada! Thread Thread-A está à espera há 11240ms pelo recurso R2 | Threads: [Thread-A] | Recursos: [R2]
[2025-12-14 19:38:50.277] [CRITICO] [STARVATION] STARVATION detetada! Thread Thread-B está à espera há 11239ms pelo recurso R1 | Threads: [Thread-B] | Recursos: [R1]
[2025-12-14 19:38:50.378] [CRITICO] [STARVATION] STARVATION detetada! Thread Thread-B está à espera há 11340ms pelo recurso R1 | Threads: [Thread-B] | Recursos: [R1]
[2025-12-14 19:38:50.378] [CRITICO] [STARVATION] STARVATION detetada! Thread Thread-A está à espera há 11341ms pelo recurso R2 | Threads: [Thread-A] | Recursos: [R2]
[2025-12-14 19:38:50.459] [CRITICO] [DEADLOCK_CONFIRMADO] DEADLOCK CONFIRMADO! Espera circular detetada entre threads. | Threads: [Thread-A,Thread-B] | Recursos: [R2,R1]
[2025-12-14 19:38:50.481] [CRITICO] [STARVATION] STARVATION detetada! Thread Thread-B está à espera há 11443ms pelo recurso R1 | Threads: [Thread-B] | Recursos: [R1]
[2025-12-14 19:38:50.481] [CRITICO] [STARVATION] STARVATION detetada! Thread Thread-A está à espera há 11444ms pelo recurso R2 | Threads: [Thread-A] | Recursos: [R2]
[2025-12-14 19:38:50.582] [CRITICO] [STARVATION] STARVATION detetada! Thread Thread-A está à espera há 11545ms pelo recurso R2 | Threads: [Thread-A] | Recursos: [R2]
[2025-12-14 19:38:50.584] [CRITICO] [STARVATION] STARVATION detetada! Thread Thread-B está à espera há 11546ms pelo recurso R1 | Threads: [Thread-B] | Recursos: [R1]
[2025-12-14 19:38:50.683] [CRITICO] [STARVATION] STARVATION detetada! Thread Thread-A está à espera há 11646ms pelo recurso R2 | Threads: [Thread-A] | Recursos: [R2]
[2025-12-14 19:38:50.686] [CRITICO] [STARVATION] STARVATION detetada! Thread Thread-B está à espera há 11648ms pelo recurso R1 | Threads: [Thread-B] | Recursos: [R1]
[2025-12-14 19:38:50.783] [CRITICO] [STARVATION] STARVATION detetada! Thread Thread-A está à espera há 11746ms pelo recurso R2 | Threads: [Thread-A] | Recursos: [R2]
[2025-12-14 19:38:50.787] [CRITICO] [STARVATION] STARVATION detetada! Thread Thread-B está à espera há 11749ms pelo recurso R1 | Threads: [Thread-B] | Recursos: [R1]
[2025-12-14 19:38:50.884] [CRITICO] [STARVATION] STARVATION detetada! Thread Thread-A está à espera há 11847ms pelo recurso R2 | Threads: [Thread-A] | Recursos: [R2]
[2025-12-14 19:38:50.888] [CRITICO] [STARVATION] STARVATION detetada! Thread Thread-B está à espera há 11850ms pelo recurso R1 | Threads: [Thread-B] | Recursos: [R1]
[2025-12-14 19:38:50.986] [CRITICO] [STARVATION] STARVATION detetada! Thread Thread-A está à espera há 11949ms pelo recurso R2 | Threads: [Thread-A] | Recursos: [R2]
[2025-12-14 19:38:50.989] [CRITICO] [STARVATION] STARVATION detetada! Thread Thread-B está à espera há 11951ms pelo recurso R1 | Threads: [Thread-B] | Recursos: [R1]
[2025-12-14 19:38:51.087] [CRITICO] [STARVATION] STARVATION detetada! Thread Thread-A está à espera há 12050ms pelo recurso R2 | Threads: [Thread-A] | Recursos: [R2]
[2025-12-14 19:38:51.092] [CRITICO] [STARVATION] STARVATION detetada! Thread Thread-B está à espera há 12054ms pelo recurso R1 | Threads: [Thread-B] | Recursos: [R1]
[2025-12-14 19:38:51.187] [CRITICO] [STARVATION] STARVATION detetada! Thread Thread-A está à espera há 12150ms pelo recurso R2 | Threads: [Thread-A] | Recursos: [R2]
[2025-12-14 19:38:51.193] [CRITICO] [STARVATION] STARVATION detetada! Thread Thread-B está à espera há 12155ms pelo recurso R1 | Threads: [Thread-B] | Recursos: [R1]
[2025-12-14 19:38:51.288] [CRITICO] [STARVATION] STARVATION detetada! Thread Thread-A está à espera há 12251ms pelo recurso R2 | Threads: [Thread-A] | Recursos: [R2]
[2025-12-14 19:38:51.294] [CRITICO] [STARVATION] STARVATION detetada! Thread Thread-B está à espera há 12256ms pelo recurso R1 | Threads: [Thread-B] | Recursos: [R1]
[2025-12-14 19:38:51.390] [CRITICO] [STARVATION] STARVATION detetada! Thread Thread-A está à espera há 12353ms pelo recurso R2 | Threads: [Thread-A] | Recursos: [R2]
[2025-12-14 19:38:51.396] [CRITICO] [STARVATION] STARVATION detetada! Thread Thread-B está à espera há 12358ms pelo recurso R1 | Threads: [Thread-B] | Recursos: [R1]
[2025-12-14 19:38:51.461] [CRITICO] [DEADLOCK_CONFIRMADO] DEADLOCK CONFIRMADO! Espera circular detetada entre threads. | Threads: [Thread-A,Thread-B] | Recursos: [R2,R1]
[2025-12-14 19:38:51.492] [CRITICO] [STARVATION] STARVATION detetada! Thread Thread-A está à espera há 12455ms pelo recurso R2 | Threads: [Thread-A] | Recursos: [R2]
[2025-12-14 19:38:51.540] [CRITICO] [STARVATION] STARVATION detetada! Thread Thread-B está à espera há 12502ms pelo recurso R1 | Threads: [Thread-B] | Recursos: [R1]
[2025-12-14 19:38:51.594] [CRITICO] [STARVATION] STARVATION detetada! Thread Thread-A está à espera há 12557ms pelo recurso R2 | Threads: [Thread-A] | Recursos: [R2]
[2025-12-14 19:38:51.641] [CRITICO] [STARVATION] STARVATION detetada! Thread Thread-B está à espera há 12603ms pelo recurso R1 | Threads: [Thread-B] | Recursos: [R1]
[2025-12-14 19:38:51.695] [CRITICO] [STARVATION] STARVATION detetada! Thread Thread-A está à espera há 12658ms pelo recurso R2 | Threads: [Thread-A] | Recursos: [R2]
[2025-12-14 19:38:51.743] [CRITICO] [STARVATION] STARVATION detetada! Thread Thread-B está à espera há 12705ms pelo recurso R1 | Threads: [Thread-B] | Recursos: [R1]
[2025-12-14 19:38:51.796] [CRITICO] [STARVATION] STARVATION detetada! Thread Thread-A está à espera há 12759ms pelo recurso R2 | Threads: [Thread-A] | Recursos: [R2]
[2025-12-14 19:38:51.845] [CRITICO] [STARVATION] STARVATION detetada! Thread Thread-B está à espera há 12807ms pelo recurso R1 | Threads: [Thread-B] | Recursos: [R1]
[2025-12-14 19:38:51.898] [CRITICO] [STARVATION] STARVATION detetada! Thread Thread-A está à espera há 12861ms pelo recurso R2 | Threads: [Thread-A] | Recursos: [R2]
[2025-12-14 19:38:51.947] [CRITICO] [STARVATION] STARVATION detetada! Thread Thread-B está à espera há 12909ms pelo recurso R1 | Threads: [Thread-B] | Recursos: [R1]
[2025-12-14 19:38:51.999] [CRITICO] [STARVATION] STARVATION detetada! Thread Thread-A está à espera há 12962ms pelo recurso R2 | Threads: [Thread-A] | Recursos: [R2]
[2025-12-14 19:38:52.048] [CRITICO] [STARVATION] STARVATION detetada! Thread Thread-B está à espera há 13010ms pelo recurso R1 | Threads: [Thread-B] | Recursos: [R1]
[2025-12-14 19:38:52.101] [CRITICO] [STARVATION] STARVATION detetada! Thread Thread-A está à espera há 13064ms pelo recurso R2 | Threads: [Thread-A] | Recursos: [R2]
[2025-12-14 19:38:52.148] [CRITICO] [STARVATION] STARVATION detetada! Thread Thread-B está à espera há 13110ms pelo recurso R1 | Threads: [Thread-B] | Recursos: [R1]
[2025-12-14 19:38:52.202] [CRITICO] [STARVATION] STARVATION detetada! Thread Thread-A está à espera há 13165ms pelo recurso R2 | Threads: [Thread-A] | Recursos: [R2]
[2025-12-14 19:38:52.249] [CRITICO] [STARVATION] STARVATION detetada! Thread Thread-B está à espera há 13211ms pelo recurso R1 | Threads: [Thread-B] | Recursos: [R1]
[2025-12-14 19:38:52.303] [CRITICO] [STARVATION] STARVATION detetada! Thread Thread-A está à espera há 13266ms pelo recurso R2 | Threads: [Thread-A] | Recursos: [R2]
[2025-12-14 19:38:52.351] [CRITICO] [STARVATION] STARVATION detetada! Thread Thread-B está à espera há 13313ms pelo recurso R1 | Threads: [Thread-B] | Recursos: [R1]
[2025-12-14 19:38:52.405] [CRITICO] [STARVATION] STARVATION detetada! Thread Thread-A está à espera há 13368ms pelo recurso R2 | Threads: [Thread-A] | Recursos: [R2]
[2025-12-14 19:38:52.453] [CRITICO] [STARVATION] STARVATION detetada! Thread Thread-B está à espera há 13415ms pelo recurso R1 | Threads: [Thread-B] | Recursos: [R1]
[2025-12-14 19:38:52.462] [CRITICO] [DEADLOCK_CONFIRMADO] DEADLOCK CONFIRMADO! Espera circular detetada entre threads. | Threads: [Thread-A,Thread-B] | Recursos: [R2,R1]
[2025-12-14 19:38:52.507] [CRITICO] [STARVATION] STARVATION detetada! Thread Thread-A está à espera há 13470ms pelo recurso R2 | Threads: [Thread-A] | Recursos: [R2]
[2025-12-14 19:38:52.556] [CRITICO] [STARVATION] STARVATION detetada! Thread Thread-B está à espera há 13518ms pelo recurso R1 | Threads: [Thread-B] | Recursos: [R1]
[2025-12-14 19:38:52.608] [CRITICO] [STARVATION] STARVATION detetada! Thread Thread-A está à espera há 13571ms pelo recurso R2 | Threads: [Thread-A] | Recursos: [R2]
[2025-12-14 19:38:52.657] [CRITICO] [STARVATION] STARVATION detetada! Thread Thread-B está à espera há 13619ms pelo recurso R1 | Threads: [Thread-B] | Recursos: [R1]
[2025-12-14 19:38:52.710] [CRITICO] [STARVATION] STARVATION detetada! Thread Thread-A está à espera há 13673ms pelo recurso R2 | Threads: [Thread-A] | Recursos: [R2]
[2025-12-14 19:38:52.759] [CRITICO] [STARVATION] STARVATION detetada! Thread Thread-B está à espera há 13721ms pelo recurso R1 | Threads: [Thread-B] | Recursos: [R1]
[2025-12-14 19:38:52.810] [CRITICO] [STARVATION] STARVATION detetada! Thread Thread-A está à espera há 13773ms pelo recurso R2 | Threads: [Thread-A] | Recursos: [R2]
[2025-12-14 19:38:52.861] [CRITICO] [STARVATION] STARVATION detetada! Thread Thread-B está à espera há 13823ms pelo recurso R1 | Threads: [Thread-B] | Recursos: [R1]
[2025-12-14 19:38:52.912] [CRITICO] [STARVATION] STARVATION detetada! Thread Thread-A está à espera há 13875ms pelo recurso R2 | Threads: [Thread-A] | Recursos: [R2]
[2025-12-14 19:38:52.962] [CRITICO] [STARVATION] STARVATION detetada! Thread Thread-B está à espera há 13924ms pelo recurso R1 | Threads: [Thread-B] | Recursos: [R1]
[2025-12-14 19:38:53.013] [CRITICO] [STARVATION] STARVATION detetada! Thread Thread-A está à espera há 13976ms pelo recurso R2 | Threads: [Thread-A] | Recursos: [R2]
[2025-12-14 19:38:53.064] [CRITICO] [STARVATION] STARVATION detetada! Thread Thread-B está à espera há 14026ms pelo recurso R1 | Threads: [Thread-B] | Recursos: [R1]
[2025-12-14 19:38:53.116] [CRITICO] [STARVATION] STARVATION detetada! Thread Thread-A está à espera há 14079ms pelo recurso R2 | Threads: [Thread-A] | Recursos: [R2]
[2025-12-14 19:38:53.166] [CRITICO] [STARVATION] STARVATION detetada! Thread Thread-B está à espera há 14128ms pelo recurso R1 | Threads: [Thread-B] | Recursos: [R1]
[2025-12-14 19:38:53.217] [CRITICO] [STARVATION] STARVATION detetada! Thread Thread-A está à espera há 14180ms pelo recurso R2 | Threads: [Thread-A] | Recursos: [R2]
[2025-12-14 19:38:53.267] [CRITICO] [STARVATION] STARVATION detetada! Thread Thread-B está à espera há 14229ms pelo recurso R1 | Threads: [Thread-B] | Recursos: [R1]
[2025-12-14 19:38:53.319] [CRITICO] [STARVATION] STARVATION detetada! Thread Thread-A está à espera há 14282ms pelo recurso R2 | Threads: [Thread-A] | Recursos: [R2]
[2025-12-14 19:38:53.369] [CRITICO] [STARVATION] STARVATION detetada! Thread Thread-B está à espera há 14331ms pelo recurso R1 | Threads: [Thread-B] | Recursos: [R1]
[2025-12-14 19:38:53.420] [CRITICO] [STARVATION] STARVATION detetada! Thread Thread-A está à espera há 14383ms pelo recurso R2 | Threads: [Thread-A] | Recursos: [R2]
[2025-12-14 19:38:53.463] [CRITICO] [DEADLOCK_CONFIRMADO] DEADLOCK CONFIRMADO! Espera circular detetada entre threads. | Threads: [Thread-A,Thread-B] | Recursos: [R2,R1]
[2025-12-14 19:38:53.472] [CRITICO] [STARVATION] STARVATION detetada! Thread Thread-B está à espera há 14434ms pelo recurso R1 | Threads: [Thread-B] | Recursos: [R1]
[2025-12-14 19:38:53.522] [CRITICO] [STARVATION] STARVATION detetada! Thread Thread-A está à espera há 14485ms pelo recurso R2 | Threads: [Thread-A] | Recursos: [R2]
[2025-12-14 19:38:53.573] [CRITICO] [STARVATION] STARVATION detetada! Thread Thread-B está à espera há 14535ms pelo recurso R1 | Threads: [Thread-B] | Recursos: [R1]
[2025-12-14 19:38:53.623] [CRITICO] [STARVATION] STARVATION detetada! Thread Thread-A está à espera há 14586ms pelo recurso R2 | Threads: [Thread-A] | Recursos: [R2]
[2025-12-14 19:38:53.675] [CRITICO] [STARVATION] STARVATION detetada! Thread Thread-B está à espera há 14637ms pelo recurso R1 | Threads: [Thread-B] | Recursos: [R1]
[2025-12-14 19:38:53.725] [CRITICO] [STARVATION] STARVATION detetada! Thread Thread-A está à espera há 14688ms pelo recurso R2 | Threads: [Thread-A] | Recursos: [R2]
[2025-12-14 19:38:53.777] [CRITICO] [STARVATION] STARVATION detetada! Thread Thread-B está à espera há 14739ms pelo recurso R1 | Threads: [Thread-B] | Recursos: [R1]
[2025-12-14 19:38:53.827] [CRITICO] [STARVATION] STARVATION detetada! Thread Thread-A está à espera há 14790ms pelo recurso R2 | Threads: [Thread-A] | Recursos: [R2]
[2025-12-14 19:38:53.879] [CRITICO] [STARVATION] STARVATION detetada! Thread Thread-B está à espera há 14841ms pelo recurso R1 | Threads: [Thread-B] | Recursos: [R1]
[2025-12-14 19:38:53.929] [CRITICO] [STARVATION] STARVATION detetada! Thread Thread-A está à espera há 14892ms pelo recurso R2 | Threads: [Thread-A] | Recursos: [R2]
[2025-12-14 19:38:53.979] [CRITICO] [STARVATION] STARVATION detetada! Thread Thread-B está à espera há 14941ms pelo recurso R1 | Threads: [Thread-B] | Recursos: [R1]
[2025-12-14 19:38:54.030] [CRITICO] [STARVATION] STARVATION detetada! Thread Thread-A está à espera há 14993ms pelo recurso R2 | Threads: [Thread-A] | Recursos: [R2]
[2025-12-14 19:38:54.081] [CRITICO] [STARVATION] STARVATION detetada! Thread Thread-B está à espera há 15043ms pelo recurso R1 | Threads: [Thread-B] | Recursos: [R1]
[2025-12-14 19:38:54.131] [CRITICO] [STARVATION] STARVATION detetada! Thread Thread-A está à espera há 15094ms pelo recurso R2 | Threads: [Thread-A] | Recursos: [R2]
[2025-12-14 19:38:54.182] [CRITICO] [STARVATION] STARVATION detetada! Thread Thread-B está à espera há 15144ms pelo recurso R1 | Threads: [Thread-B] | Recursos: [R1]
[2025-12-14 19:38:54.276] [CRITICO] [STARVATION] STARVATION detetada! Thread Thread-A está à espera há 15239ms pelo recurso R2 | Threads: [Thread-A] | Recursos: [R2]
[2025-12-14 19:38:54.284] [CRITICO] [STARVATION] STARVATION detetada! Thread Thread-B está à espera há 15246ms pelo recurso R1 | Threads: [Thread-B] | Recursos: [R1]
[2025-12-14 19:38:54.378] [CRITICO] [STARVATION] STARVATION detetada! Thread Thread-A está à espera há 15341ms pelo recurso R2 | Threads: [Thread-A] | Recursos: [R2]
[2025-12-14 19:38:54.388] [CRITICO] [STARVATION] STARVATION detetada! Thread Thread-B está à espera há 15350ms pelo recurso R1 | Threads: [Thread-B] | Recursos: [R1]
[2025-12-14 19:38:54.466] [CRITICO] [DEADLOCK_CONFIRMADO] DEADLOCK CONFIRMADO! Espera circular detetada entre threads. | Threads: [Thread-A,Thread-B] | Recursos: [R2,R1]
[2025-12-14 19:38:54.479] [CRITICO] [STARVATION] STARVATION detetada! Thread Thread-A está à espera há 15442ms pelo recurso R2 | Threads: [Thread-A] | Recursos: [R2]
[2025-12-14 19:38:54.490] [CRITICO] [STARVATION] STARVATION detetada! Thread Thread-B está à espera há 15452ms pelo recurso R1 | Threads: [Thread-B] | Recursos: [R1]
[2025-12-14 19:38:54.582] [CRITICO] [STARVATION] STARVATION detetada! Thread Thread-A está à espera há 15545ms pelo recurso R2 | Threads: [Thread-A] | Recursos: [R2]
[2025-12-14 19:38:54.591] [CRITICO] [STARVATION] STARVATION detetada! Thread Thread-B está à espera há 15553ms pelo recurso R1 | Threads: [Thread-B] | Recursos: [R1]
[2025-12-14 19:38:54.683] [CRITICO] [STARVATION] STARVATION detetada! Thread Thread-A está à espera há 15646ms pelo recurso R2 | Threads: [Thread-A] | Recursos: [R2]
[2025-12-14 19:38:54.692] [CRITICO] [STARVATION] STARVATION detetada! Thread Thread-B está à espera há 15654ms pelo recurso R1 | Threads: [Thread-B] | Recursos: [R1]
[2025-12-14 19:38:54.784] [CRITICO] [STARVATION] STARVATION detetada! Thread Thread-A está à espera há 15747ms pelo recurso R2 | Threads: [Thread-A] | Recursos: [R2]
[2025-12-14 19:38:54.794] [CRITICO] [STARVATION] STARVATION detetada! Thread Thread-B está à espera há 15756ms pelo recurso R1 | Threads: [Thread-B] | Recursos: [R1]
[2025-12-14 19:38:54.886] [CRITICO] [STARVATION] STARVATION detetada! Thread Thread-A está à espera há 15849ms pelo recurso R2 | Threads: [Thread-A] | Recursos: [R2]
[2025-12-14 19:38:54.895] [CRITICO] [STARVATION] STARVATION detetada! Thread Thread-B está à espera há 15857ms pelo recurso R1 | Threads: [Thread-B] | Recursos: [R1]
[2025-12-14 19:38:54.989] [CRITICO] [STARVATION] STARVATION detetada! Thread Thread-A está à espera há 15952ms pelo recurso R2 | Threads: [Thread-A] | Recursos: [R2]
[2025-12-14 19:38:54.998] [CRITICO] [STARVATION] STARVATION detetada! Thread Thread-B está à espera há 15960ms pelo recurso R1 | Threads: [Thread-B] | Recursos: [R1]
[2025-12-14 19:38:55.090] [CRITICO] [STARVATION] STARVATION detetada! Thread Thread-A está à espera há 16053ms pelo recurso R2 | Threads: [Thread-A] | Recursos: [R2]
[2025-12-14 19:38:55.099] [CRITICO] [STARVATION] STARVATION detetada! Thread Thread-B está à espera há 16061ms pelo recurso R1 | Threads: [Thread-B] | Recursos: [R1]
[2025-12-14 19:38:55.193] [CRITICO] [STARVATION] STARVATION detetada! Thread Thread-A está à espera há 16156ms pelo recurso R2 | Threads: [Thread-A] | Recursos: [R2]
[2025-12-14 19:38:55.202] [CRITICO] [STARVATION] STARVATION detetada! Thread Thread-B está à espera há 16164ms pelo recurso R1 | Threads: [Thread-B] | Recursos: [R1]
[2025-12-14 19:38:55.294] [CRITICO] [STARVATION] STARVATION detetada! Thread Thread-A está à espera há 16257ms pelo recurso R2 | Threads: [Thread-A] | Recursos: [R2]
[2025-12-14 19:38:55.302] [CRITICO] [STARVATION] STARVATION detetada! Thread Thread-B está à espera há 16264ms pelo recurso R1 | Threads: [Thread-B] | Recursos: [R1]
[2025-12-14 19:38:55.395] [CRITICO] [STARVATION] STARVATION detetada! Thread Thread-A está à espera há 16358ms pelo recurso R2 | Threads: [Thread-A] | Recursos: [R2]
[2025-12-14 19:38:55.404] [CRITICO] [STARVATION] STARVATION detetada! Thread Thread-B está à espera há 16366ms pelo recurso R1 | Threads: [Thread-B] | Recursos: [R1]
[2025-12-14 19:38:55.468] [CRITICO] [DEADLOCK_CONFIRMADO] DEADLOCK CONFIRMADO! Espera circular detetada entre threads. | Threads: [Thread-A,Thread-B] | Recursos: [R2,R1]
[2025-12-14 19:38:55.496] [CRITICO] [STARVATION] STARVATION detetada! Thread Thread-A está à espera há 16459ms pelo recurso R2 | Threads: [Thread-A] | Recursos: [R2]
[2025-12-14 19:38:55.506] [CRITICO] [STARVATION] STARVATION detetada! Thread Thread-B está à espera há 16468ms pelo recurso R1 | Threads: [Thread-B] | Recursos: [R1]
[2025-12-14 19:38:55.640] [CRITICO] [STARVATION] STARVATION detetada! Thread Thread-A está à espera há 16603ms pelo recurso R2 | Threads: [Thread-A] | Recursos: [R2]
[2025-12-14 19:38:55.640] [CRITICO] [STARVATION] STARVATION detetada! Thread Thread-B está à espera há 16602ms pelo recurso R1 | Threads: [Thread-B] | Recursos: [R1]
[2025-12-14 19:38:55.740] [CRITICO] [STARVATION] STARVATION detetada! Thread Thread-A está à espera há 16703ms pelo recurso R2 | Threads: [Thread-A] | Recursos: [R2]
[2025-12-14 19:38:55.740] [CRITICO] [STARVATION] STARVATION detetada! Thread Thread-B está à espera há 16702ms pelo recurso R1 | Threads: [Thread-B] | Recursos: [R1]
[2025-12-14 19:38:55.843] [CRITICO] [STARVATION] STARVATION detetada! Thread Thread-A está à espera há 16806ms pelo recurso R2 | Threads: [Thread-A] | Recursos: [R2]
[2025-12-14 19:38:55.843] [CRITICO] [STARVATION] STARVATION detetada! Thread Thread-B está à espera há 16805ms pelo recurso R1 | Threads: [Thread-B] | Recursos: [R1]
[2025-12-14 19:38:55.945] [CRITICO] [STARVATION] STARVATION detetada! Thread Thread-A está à espera há 16908ms pelo recurso R2 | Threads: [Thread-A] | Recursos: [R2]
[2025-12-14 19:38:55.946] [CRITICO] [STARVATION] STARVATION detetada! Thread Thread-B está à espera há 16908ms pelo recurso R1 | Threads: [Thread-B] | Recursos: [R1]
[2025-12-14 19:38:56.048] [CRITICO] [STARVATION] STARVATION detetada! Thread Thread-B está à espera há 17010ms pelo recurso R1 | Threads: [Thread-B] | Recursos: [R1]
[2025-12-14 19:38:56.048] [CRITICO] [STARVATION] STARVATION detetada! Thread Thread-A está à espera há 17011ms pelo recurso R2 | Threads: [Thread-A] | Recursos: [R2]
[2025-12-14 19:38:56.152] [CRITICO] [STARVATION] STARVATION detetada! Thread Thread-B está à espera há 17114ms pelo recurso R1 | Threads: [Thread-B] | Recursos: [R1]
[2025-12-14 19:38:56.152] [CRITICO] [STARVATION] STARVATION detetada! Thread Thread-A está à espera há 17115ms pelo recurso R2 | Threads: [Thread-A] | Recursos: [R2]
[2025-12-14 19:38:56.254] [CRITICO] [STARVATION] STARVATION detetada! Thread Thread-B está à espera há 17216ms pelo recurso R1 | Threads: [Thread-B] | Recursos: [R1]
[2025-12-14 19:38:56.255] [CRITICO] [STARVATION] STARVATION detetada! Thread Thread-A está à espera há 17218ms pelo recurso R2 | Threads: [Thread-A] | Recursos: [R2]
[2025-12-14 19:38:56.356] [CRITICO] [STARVATION] STARVATION detetada! Thread Thread-B está à espera há 17318ms pelo recurso R1 | Threads: [Thread-B] | Recursos: [R1]
[2025-12-14 19:38:56.358] [CRITICO] [STARVATION] STARVATION detetada! Thread Thread-A está à espera há 17321ms pelo recurso R2 | Threads: [Thread-A] | Recursos: [R2]
[2025-12-14 19:38:56.458] [CRITICO] [STARVATION] STARVATION detetada! Thread Thread-B está à espera há 17420ms pelo recurso R1 | Threads: [Thread-B] | Recursos: [R1]
[2025-12-14 19:38:56.460] [CRITICO] [STARVATION] STARVATION detetada! Thread Thread-A está à espera há 17423ms pelo recurso R2 | Threads: [Thread-A] | Recursos: [R2]
[2025-12-14 19:38:56.469] [CRITICO] [DEADLOCK_CONFIRMADO] DEADLOCK CONFIRMADO! Espera circular detetada entre threads. | Threads: [Thread-A,Thread-B] | Recursos: [R2,R1]
[2025-12-14 19:38:56.560] [CRITICO] [STARVATION] STARVATION detetada! Thread Thread-A está à espera há 17523ms pelo recurso R2 | Threads: [Thread-A] | Recursos: [R2]
[2025-12-14 19:38:56.560] [CRITICO] [STARVATION] STARVATION detetada! Thread Thread-B está à espera há 17522ms pelo recurso R1 | Threads: [Thread-B] | Recursos: [R1]
[2025-12-14 19:38:56.663] [CRITICO] [STARVATION] STARVATION detetada! Thread Thread-B está à espera há 17625ms pelo recurso R1 | Threads: [Thread-B] | Recursos: [R1]
[2025-12-14 19:38:56.663] [CRITICO] [STARVATION] STARVATION detetada! Thread Thread-A está à espera há 17626ms pelo recurso R2 | Threads: [Thread-A] | Recursos: [R2]
[2025-12-14 19:38:56.765] [CRITICO] [STARVATION] STARVATION detetada! Thread Thread-B está à espera há 17727ms pelo recurso R1 | Threads: [Thread-B] | Recursos: [R1]
[2025-12-14 19:38:56.766] [CRITICO] [STARVATION] STARVATION detetada! Thread Thread-A está à espera há 17729ms pelo recurso R2 | Threads: [Thread-A] | Recursos: [R2]
[2025-12-14 19:38:56.868] [CRITICO] [STARVATION] STARVATION detetada! Thread Thread-B está à espera há 17830ms pelo recurso R1 | Threads: [Thread-B] | Recursos: [R1]
[2025-12-14 19:38:56.868] [CRITICO] [STARVATION] STARVATION detetada! Thread Thread-A está à espera há 17831ms pelo recurso R2 | Threads: [Thread-A] | Recursos: [R2]
[2025-12-14 19:38:56.994] [CRITICO] [STARVATION] STARVATION detetada! Thread Thread-B está à espera há 17956ms pelo recurso R1 | Threads: [Thread-B] | Recursos: [R1]
[2025-12-14 19:38:56.996] [CRITICO] [STARVATION] STARVATION detetada! Thread Thread-A está à espera há 17959ms pelo recurso R2 | Threads: [Thread-A] | Recursos: [R2]
[2025-12-14 19:38:57.097] [CRITICO] [STARVATION] STARVATION detetada! Thread Thread-B está à espera há 18059ms pelo recurso R1 | Threads: [Thread-B] | Recursos: [R1]
[2025-12-14 19:38:57.098] [CRITICO] [STARVATION] STARVATION detetada! Thread Thread-A está à espera há 18061ms pelo recurso R2 | Threads: [Thread-A] | Recursos: [R2]
[2025-12-14 19:38:57.199] [CRITICO] [STARVATION] STARVATION detetada! Thread Thread-B está à espera há 18161ms pelo recurso R1 | Threads: [Thread-B] | Recursos: [R1]
[2025-12-14 19:38:57.201] [CRITICO] [STARVATION] STARVATION detetada! Thread Thread-A está à espera há 18164ms pelo recurso R2 | Threads: [Thread-A] | Recursos: [R2]
[2025-12-14 19:38:57.300] [CRITICO] [STARVATION] STARVATION detetada! Thread Thread-B está à espera há 18262ms pelo recurso R1 | Threads: [Thread-B] | Recursos: [R1]
[2025-12-14 19:38:57.303] [CRITICO] [STARVATION] STARVATION detetada! Thread Thread-A está à espera há 18265ms pelo recurso R2 | Threads: [Thread-A] | Recursos: [R2]
[2025-12-14 19:38:57.403] [CRITICO] [STARVATION] STARVATION detetada! Thread Thread-B está à espera há 18365ms pelo recurso R1 | Threads: [Thread-B] | Recursos: [R1]
[2025-12-14 19:38:57.404] [CRITICO] [STARVATION] STARVATION detetada! Thread Thread-A está à espera há 18367ms pelo recurso R2 | Threads: [Thread-A] | Recursos: [R2]
[2025-12-14 19:38:57.469] [CRITICO] [DEADLOCK_CONFIRMADO] DEADLOCK CONFIRMADO! Espera circular detetada entre threads. | Threads: [Thread-A,Thread-B] | Recursos: [R2,R1]
[2025-12-14 19:38:57.506] [CRITICO] [STARVATION] STARVATION detetada! Thread Thread-B está à espera há 18468ms pelo recurso R1 | Threads: [Thread-B] | Recursos: [R1]
[2025-12-14 19:38:57.506] [CRITICO] [STARVATION] STARVATION detetada! Thread Thread-A está à espera há 18469ms pelo recurso R2 | Threads: [Thread-A] | Recursos: [R2]
[2025-12-14 19:38:57.607] [CRITICO] [STARVATION] STARVATION detetada! Thread Thread-B está à espera há 18569ms pelo recurso R1 | Threads: [Thread-B] | Recursos: [R1]
[2025-12-14 19:38:57.609] [CRITICO] [STARVATION] STARVATION detetada! Thread Thread-A está à espera há 18572ms pelo recurso R2 | Threads: [Thread-A] | Recursos: [R2]
[2025-12-14 19:38:57.708] [CRITICO] [STARVATION] STARVATION detetada! Thread Thread-B está à espera há 18670ms pelo recurso R1 | Threads: [Thread-B] | Recursos: [R1]
[2025-12-14 19:38:57.710] [CRITICO] [STARVATION] STARVATION detetada! Thread Thread-A está à espera há 18673ms pelo recurso R2 | Threads: [Thread-A] | Recursos: [R2]
[2025-12-14 19:38:57.809] [CRITICO] [STARVATION] STARVATION detetada! Thread Thread-B está à espera há 18771ms pelo recurso R1 | Threads: [Thread-B] | Recursos: [R1]
[2025-12-14 19:38:57.812] [CRITICO] [STARVATION] STARVATION detetada! Thread Thread-A está à espera há 18775ms pelo recurso R2 | Threads: [Thread-A] | Recursos: [R2]
[2025-12-14 19:38:57.911] [CRITICO] [STARVATION] STARVATION detetada! Thread Thread-B está à espera há 18873ms pelo recurso R1 | Threads: [Thread-B] | Recursos: [R1]
[2025-12-14 19:38:57.913] [CRITICO] [STARVATION] STARVATION detetada! Thread Thread-A está à espera há 18876ms pelo recurso R2 | Threads: [Thread-A] | Recursos: [R2]
[2025-12-14 19:38:58.014] [CRITICO] [STARVATION] STARVATION detetada! Thread Thread-B está à espera há 18976ms pelo recurso R1 | Threads: [Thread-B] | Recursos: [R1]
[2025-12-14 19:38:58.015] [CRITICO] [STARVATION] STARVATION detetada! Thread Thread-A está à espera há 18978ms pelo recurso R2 | Threads: [Thread-A] | Recursos: [R2]
[2025-12-14 19:38:58.114] [CRITICO] [STARVATION] STARVATION detetada! Thread Thread-B está à espera há 19076ms pelo recurso R1 | Threads: [Thread-B] | Recursos: [R1]
[2025-12-14 19:38:58.116] [CRITICO] [STARVATION] STARVATION detetada! Thread Thread-A está à espera há 19079ms pelo recurso R2 | Threads: [Thread-A] | Recursos: [R2]
[2025-12-14 19:38:58.217] [CRITICO] [STARVATION] STARVATION detetada! Thread Thread-A está à espera há 19180ms pelo recurso R2 | Threads: [Thread-A] | Recursos: [R2]
[2025-12-14 19:38:58.217] [CRITICO] [STARVATION] STARVATION detetada! Thread Thread-B está à espera há 19179ms pelo recurso R1 | Threads: [Thread-B] | Recursos: [R1]
[2025-12-14 19:38:58.338] [CRITICO] [STARVATION] STARVATION detetada! Thread Thread-A está à espera há 19301ms pelo recurso R2 | Threads: [Thread-A] | Recursos: [R2]
[2025-12-14 19:38:58.338] [CRITICO] [STARVATION] STARVATION detetada! Thread Thread-B está à espera há 19300ms pelo recurso R1 | Threads: [Thread-B] | Recursos: [R1]
[2025-12-14 19:38:58.439] [CRITICO] [STARVATION] STARVATION detetada! Thread Thread-B está à espera há 19401ms pelo recurso R1 | Threads: [Thread-B] | Recursos: [R1]
[2025-12-14 19:38:58.439] [CRITICO] [STARVATION] STARVATION detetada! Thread Thread-A está à espera há 19402ms pelo recurso R2 | Threads: [Thread-A] | Recursos: [R2]
[2025-12-14 19:38:58.471] [CRITICO] [DEADLOCK_CONFIRMADO] DEADLOCK CONFIRMADO! Espera circular detetada entre threads. | Threads: [Thread-A,Thread-B] | Recursos: [R2,R1]
[2025-12-14 19:38:58.541] [CRITICO] [STARVATION] STARVATION detetada! Thread Thread-A está à espera há 19504ms pelo recurso R2 | Threads: [Thread-A] | Recursos: [R2]
[2025-12-14 19:38:58.541] [CRITICO] [STARVATION] STARVATION detetada! Thread Thread-B está à espera há 19503ms pelo recurso R1 | Threads: [Thread-B] | Recursos: [R1]
[2025-12-14 19:38:58.642] [CRITICO] [STARVATION] STARVATION detetada! Thread Thread-A está à espera há 19605ms pelo recurso R2 | Threads: [Thread-A] | Recursos: [R2]
[2025-12-14 19:38:58.642] [CRITICO] [STARVATION] STARVATION detetada! Thread Thread-B está à espera há 19604ms pelo recurso R1 | Threads: [Thread-B] | Recursos: [R1]
[2025-12-14 19:38:58.744] [CRITICO] [STARVATION] STARVATION detetada! Thread Thread-A está à espera há 19707ms pelo recurso R2 | Threads: [Thread-A] | Recursos: [R2]
[2025-12-14 19:38:58.744] [CRITICO] [STARVATION] STARVATION detetada! Thread Thread-B está à espera há 19706ms pelo recurso R1 | Threads: [Thread-B] | Recursos: [R1]
[2025-12-14 19:38:58.847] [CRITICO] [STARVATION] STARVATION detetada! Thread Thread-B está à espera há 19809ms pelo recurso R1 | Threads: [Thread-B] | Recursos: [R1]
[2025-12-14 19:38:58.847] [CRITICO] [STARVATION] STARVATION detetada! Thread Thread-A está à espera há 19810ms pelo recurso R2 | Threads: [Thread-A] | Recursos: [R2]
[2025-12-14 19:39:09.966] [CRITICO] [STARVATION] STARVATION detetada! Thread Thread-Vitima-1 está à espera há 5025ms pelo recurso RecursoCritico | Threads: [Thread-Vitima-1] | Recursos: [RecursoCritico]
[2025-12-14 19:39:10.068] [CRITICO] [STARVATION] STARVATION detetada! Thread Thread-Vitima-1 está à espera há 5127ms pelo recurso RecursoCritico | Threads: [Thread-Vitima-1] | Recursos: [RecursoCritico]
[2025-12-14 19:39:10.169] [CRITICO] [STARVATION] STARVATION detetada! Thread Thread-Vitima-1 está à espera há 5228ms pelo recurso RecursoCritico | Threads: [Thread-Vitima-1] | Recursos: [RecursoCritico]
[2025-12-14 19:39:10.271] [CRITICO] [STARVATION] STARVATION detetada! Thread Thread-Vitima-1 está à espera há 5330ms pelo recurso RecursoCritico | Threads: [Thread-Vitima-1] | Recursos: [RecursoCritico]
[2025-12-14 19:39:10.372] [CRITICO] [STARVATION] STARVATION detetada! Thread Thread-Vitima-1 está à espera há 5431ms pelo recurso RecursoCritico | Threads: [Thread-Vitima-1] | Recursos: [RecursoCritico]
[2025-12-14 19:39:10.474] [CRITICO] [STARVATION] STARVATION detetada! Thread Thread-Vitima-1 está à espera há 5533ms pelo recurso RecursoCritico | Threads: [Thread-Vitima-1] | Recursos: [RecursoCritico]
[2025-12-14 19:39:10.575] [CRITICO] [STARVATION] STARVATION detetada! Thread Thread-Vitima-1 está à espera há 5634ms pelo recurso RecursoCritico | Threads: [Thread-Vitima-1] | Recursos: [RecursoCritico]
[2025-12-14 19:39:10.677] [CRITICO] [STARVATION] STARVATION detetada! Thread Thread-Vitima-1 está à espera há 5736ms pelo recurso RecursoCritico | Threads: [Thread-Vitima-1] | Recursos: [RecursoCritico]
[2025-12-14 19:39:10.777] [CRITICO] [STARVATION] STARVATION detetada! Thread Thread-Vitima-1 está à espera há 5836ms pelo recurso RecursoCritico | Threads: [Thread-Vitima-1] | Recursos: [RecursoCritico]
[2025-12-14 19:39:10.879] [CRITICO] [STARVATION] STARVATION detetada! Thread Thread-Vitima-1 está à espera há 5938ms pelo recurso RecursoCritico | Threads: [Thread-Vitima-1] | Recursos: [RecursoCritico]
[2025-12-14 19:39:10.980] [CRITICO] [STARVATION] STARVATION detetada! Thread Thread-Vitima-1 está à espera há 6039ms pelo recurso RecursoCritico | Threads: [Thread-Vitima-1] | Recursos: [RecursoCritico]

═══════════════════════════════════════════════════════════════
    FIM DO LOG - 2025-12-14 19:39:30
═══════════════════════════════════════════════════════════════
